<?xml version="1.0" encoding="UTF-8"?>
<coverage generated="1548190972007" clover="3.2.0">
  <project timestamp="1548190972007" name="All files">
    <metrics statements="451" coveredstatements="187" conditionals="220" coveredconditionals="63" methods="56" coveredmethods="22" elements="727" coveredelements="272" complexity="0" loc="451" ncloc="451" packages="29" files="38" classes="38">
      <package name="system">
        <metrics statements="5" coveredstatements="0" conditionals="0" coveredconditionals="0" methods="0" coveredmethods="0"/>
        <file name="index.js" path="/Development/cion/cion/src/system/index.js">
          <metrics statements="5" coveredstatements="0" conditionals="0" coveredconditionals="0" methods="0" coveredmethods="0"/>
          <line num="1" count="0" type="stmt"/>
          <line num="2" count="0" type="stmt"/>
          <line num="3" count="0" type="stmt"/>
          <line num="7" count="0" type="stmt"/>
          <line num="8" count="0" type="stmt"/>
        </file>
      </package>
      <package name="system.components">
        <metrics statements="25" coveredstatements="0" conditionals="14" coveredconditionals="0" methods="5" coveredmethods="0"/>
        <file name="index.js" path="/Development/cion/cion/src/system/components/index.js">
          <metrics statements="25" coveredstatements="0" conditionals="14" coveredconditionals="0" methods="5" coveredmethods="0"/>
          <line num="2" count="0" type="stmt"/>
          <line num="4" count="0" type="stmt"/>
          <line num="10" count="0" type="stmt"/>
          <line num="11" count="0" type="stmt"/>
          <line num="12" count="0" type="stmt"/>
          <line num="14" count="0" type="stmt"/>
          <line num="15" count="0" type="stmt"/>
          <line num="16" count="0" type="stmt"/>
          <line num="18" count="0" type="cond" truecount="0" falsecount="2"/>
          <line num="19" count="0" type="stmt"/>
          <line num="23" count="0" type="cond" truecount="0" falsecount="2"/>
          <line num="25" count="0" type="cond" truecount="0" falsecount="2"/>
          <line num="26" count="0" type="cond" truecount="0" falsecount="2"/>
          <line num="27" count="0" type="stmt"/>
          <line num="35" count="0" type="stmt"/>
          <line num="36" count="0" type="stmt"/>
          <line num="39" count="0" type="stmt"/>
          <line num="43" count="0" type="stmt"/>
          <line num="44" count="0" type="stmt"/>
          <line num="45" count="0" type="cond" truecount="0" falsecount="4"/>
          <line num="46" count="0" type="stmt"/>
          <line num="48" count="0" type="cond" truecount="0" falsecount="2"/>
          <line num="49" count="0" type="stmt"/>
          <line num="51" count="0" type="stmt"/>
          <line num="58" count="0" type="stmt"/>
        </file>
      </package>
      <package name="system.components.data-display.CopyField">
        <metrics statements="9" coveredstatements="3" conditionals="0" coveredconditionals="0" methods="2" coveredmethods="1"/>
        <file name="CopyField.vue" path="/Development/cion/cion/src/system/components/data-display/CopyField/CopyField.vue">
          <metrics statements="9" coveredstatements="3" conditionals="0" coveredconditionals="0" methods="2" coveredmethods="1"/>
          <line num="30" count="1" type="stmt"/>
          <line num="50" count="3" type="stmt"/>
          <line num="62" count="3" type="stmt"/>
          <line num="68" count="0" type="stmt"/>
          <line num="69" count="0" type="stmt"/>
          <line num="70" count="0" type="stmt"/>
          <line num="71" count="0" type="stmt"/>
          <line num="72" count="0" type="stmt"/>
          <line num="73" count="0" type="stmt"/>
        </file>
      </package>
      <package name="system.components.data-display.List">
        <metrics statements="3" coveredstatements="1" conditionals="2" coveredconditionals="0" methods="1" coveredmethods="0"/>
        <file name="List.vue" path="/Development/cion/cion/src/system/components/data-display/List/List.vue">
          <metrics statements="2" coveredstatements="1" conditionals="0" coveredconditionals="0" methods="1" coveredmethods="0"/>
          <line num="20" count="1" type="stmt"/>
          <line num="45" count="0" type="stmt"/>
        </file>
        <file name="ListItem.vue" path="/Development/cion/cion/src/system/components/data-display/List/ListItem.vue">
          <metrics statements="1" coveredstatements="0" conditionals="2" coveredconditionals="0" methods="0" coveredmethods="0"/>
          <line num="35" count="0" type="cond" truecount="0" falsecount="2"/>
        </file>
      </package>
      <package name="system.components.data-display.Table">
        <metrics statements="31" coveredstatements="12" conditionals="22" coveredconditionals="4" methods="4" coveredmethods="0"/>
        <file name="Table.vue" path="/Development/cion/cion/src/system/components/data-display/Table/Table.vue">
          <metrics statements="30" coveredstatements="12" conditionals="22" coveredconditionals="4" methods="4" coveredmethods="0"/>
          <line num="47" count="1" type="stmt"/>
          <line num="56" count="1" type="stmt"/>
          <line num="67" count="1" type="stmt"/>
          <line num="76" count="1" type="stmt"/>
          <line num="82" count="1" type="cond" truecount="1" falsecount="1"/>
          <line num="83" count="1" type="stmt"/>
          <line num="85" count="0" type="cond" truecount="0" falsecount="2"/>
          <line num="86" count="0" type="stmt"/>
          <line num="88" count="0" type="stmt"/>
          <line num="91" count="1" type="cond" truecount="1" falsecount="1"/>
          <line num="92" count="1" type="stmt"/>
          <line num="93" count="1" type="cond" truecount="1" falsecount="1"/>
          <line num="94" count="0" type="cond" truecount="0" falsecount="2"/>
          <line num="95" count="0" type="stmt"/>
          <line num="96" count="0" type="cond" truecount="0" falsecount="2"/>
          <line num="97" count="0" type="stmt"/>
          <line num="98" count="0" type="stmt"/>
          <line num="102" count="1" type="stmt"/>
          <line num="103" count="0" type="stmt"/>
          <line num="108" count="0" type="cond" truecount="0" falsecount="2"/>
          <line num="109" count="0" type="cond" truecount="0" falsecount="2"/>
          <line num="113" count="0" type="stmt"/>
          <line num="115" count="0" type="stmt"/>
          <line num="119" count="1" type="cond" truecount="1" falsecount="1"/>
          <line num="120" count="1" type="stmt"/>
          <line num="121" count="0" type="cond" truecount="0" falsecount="2"/>
          <line num="122" count="0" type="cond" truecount="0" falsecount="2"/>
          <line num="127" count="0" type="stmt"/>
          <line num="128" count="0" type="stmt"/>
          <line num="138" count="0" type="stmt"/>
        </file>
        <file name="TableHeadCol.vue" path="/Development/cion/cion/src/system/components/data-display/Table/TableHeadCol.vue">
          <metrics statements="1" coveredstatements="0" conditionals="0" coveredconditionals="0" methods="0" coveredmethods="0"/>
          <line num="30" count="0" type="stmt"/>
        </file>
      </package>
      <package name="system.components.data-input.Form">
        <metrics statements="37" coveredstatements="7" conditionals="13" coveredconditionals="0" methods="6" coveredmethods="1"/>
        <file name="Form.vue" path="/Development/cion/cion/src/system/components/data-input/Form/Form.vue">
          <metrics statements="37" coveredstatements="7" conditionals="13" coveredconditionals="0" methods="6" coveredmethods="1"/>
          <line num="14" count="1" type="stmt"/>
          <line num="15" count="1" type="stmt"/>
          <line num="16" count="1" type="stmt"/>
          <line num="25" count="1" type="stmt"/>
          <line num="42" count="1" type="stmt"/>
          <line num="46" count="1" type="stmt"/>
          <line num="55" count="0" type="stmt"/>
          <line num="56" count="0" type="stmt"/>
          <line num="63" count="0" type="stmt"/>
          <line num="70" count="0" type="stmt"/>
          <line num="77" count="0" type="stmt"/>
          <line num="81" count="0" type="stmt"/>
          <line num="84" count="0" type="stmt"/>
          <line num="86" count="0" type="stmt"/>
          <line num="87" count="0" type="stmt"/>
          <line num="88" count="0" type="cond" truecount="0" falsecount="2"/>
          <line num="89" count="0" type="stmt"/>
          <line num="90" count="0" type="stmt"/>
          <line num="91" count="0" type="stmt"/>
          <line num="92" count="0" type="stmt"/>
          <line num="95" count="0" type="stmt"/>
          <line num="98" count="0" type="stmt"/>
          <line num="99" count="0" type="stmt"/>
          <line num="100" count="0" type="cond" truecount="0" falsecount="5"/>
          <line num="101" count="0" type="stmt"/>
          <line num="106" count="0" type="cond" truecount="0" falsecount="4"/>
          <line num="107" count="0" type="stmt"/>
          <line num="108" count="0" type="stmt"/>
          <line num="112" count="0" type="stmt"/>
          <line num="113" count="0" type="cond" truecount="0" falsecount="2"/>
          <line num="114" count="0" type="stmt"/>
          <line num="118" count="0" type="stmt"/>
          <line num="119" count="0" type="stmt"/>
          <line num="123" count="0" type="stmt"/>
          <line num="124" count="0" type="stmt"/>
          <line num="127" count="0" type="stmt"/>
          <line num="131" count="1" type="stmt"/>
        </file>
      </package>
      <package name="system.components.data-input.Input">
        <metrics statements="5" coveredstatements="4" conditionals="2" coveredconditionals="1" methods="1" coveredmethods="1"/>
        <file name="Input.vue" path="/Development/cion/cion/src/system/components/data-input/Input/Input.vue">
          <metrics statements="5" coveredstatements="4" conditionals="2" coveredconditionals="1" methods="1" coveredmethods="1"/>
          <line num="40" count="1" type="stmt"/>
          <line num="58" count="1" type="stmt"/>
          <line num="99" count="1" type="cond" truecount="1" falsecount="1"/>
          <line num="100" count="0" type="stmt"/>
          <line num="102" count="1" type="stmt"/>
        </file>
      </package>
      <package name="system.components.data-input.Radio">
        <metrics statements="19" coveredstatements="6" conditionals="6" coveredconditionals="0" methods="1" coveredmethods="0"/>
        <file name="Radio.vue" path="/Development/cion/cion/src/system/components/data-input/Radio/Radio.vue">
          <metrics statements="19" coveredstatements="6" conditionals="6" coveredconditionals="0" methods="1" coveredmethods="0"/>
          <line num="35" count="1" type="stmt"/>
          <line num="36" count="1" type="stmt"/>
          <line num="37" count="1" type="stmt"/>
          <line num="50" count="1" type="stmt"/>
          <line num="68" count="1" type="stmt"/>
          <line num="81" count="1" type="stmt"/>
          <line num="86" count="0" type="cond" truecount="0" falsecount="2"/>
          <line num="87" count="0" type="stmt"/>
          <line num="88" count="0" type="stmt"/>
          <line num="95" count="0" type="stmt"/>
          <line num="98" count="0" type="cond" truecount="0" falsecount="2"/>
          <line num="99" count="0" type="stmt"/>
          <line num="101" count="0" type="stmt"/>
          <line num="103" count="0" type="stmt"/>
          <line num="106" count="0" type="cond" truecount="0" falsecount="2"/>
          <line num="107" count="0" type="stmt"/>
          <line num="109" count="0" type="stmt"/>
          <line num="111" count="0" type="stmt"/>
          <line num="114" count="0" type="stmt"/>
        </file>
      </package>
      <package name="system.components.data-input.Select">
        <metrics statements="56" coveredstatements="37" conditionals="28" coveredconditionals="13" methods="3" coveredmethods="2"/>
        <file name="Select.vue" path="/Development/cion/cion/src/system/components/data-input/Select/Select.vue">
          <metrics statements="56" coveredstatements="37" conditionals="28" coveredconditionals="13" methods="3" coveredmethods="2"/>
          <line num="144" count="1" type="stmt"/>
          <line num="145" count="1" type="stmt"/>
          <line num="146" count="1" type="stmt"/>
          <line num="147" count="1" type="stmt"/>
          <line num="148" count="1" type="stmt"/>
          <line num="149" count="1" type="stmt"/>
          <line num="167" count="27" type="stmt"/>
          <line num="208" count="0" type="stmt"/>
          <line num="242" count="32" type="cond" truecount="2" falsecount="0"/>
          <line num="243" count="27" type="stmt"/>
          <line num="245" count="5" type="stmt"/>
          <line num="247" count="5" type="stmt"/>
          <line num="248" count="15" type="cond" truecount="2" falsecount="0"/>
          <line num="249" count="15" type="stmt"/>
          <line num="250" count="17" type="cond" truecount="1" falsecount="1"/>
          <line num="251" count="0" type="stmt"/>
          <line num="253" count="17" type="stmt"/>
          <line num="258" count="32" type="stmt"/>
          <line num="263" count="5" type="cond" truecount="1" falsecount="1"/>
          <line num="264" count="0" type="stmt"/>
          <line num="265" count="0" type="stmt"/>
          <line num="272" count="4" type="stmt"/>
          <line num="273" count="4" type="stmt"/>
          <line num="274" count="4" type="cond" truecount="1" falsecount="1"/>
          <line num="275" count="0" type="stmt"/>
          <line num="276" count="0" type="stmt"/>
          <line num="278" count="4" type="stmt"/>
          <line num="282" count="6" type="stmt"/>
          <line num="285" count="0" type="stmt"/>
          <line num="286" count="0" type="cond" truecount="0" falsecount="4"/>
          <line num="287" count="0" type="stmt"/>
          <line num="288" count="0" type="stmt"/>
          <line num="292" count="2" type="stmt"/>
          <line num="293" count="2" type="stmt"/>
          <line num="296" count="4" type="stmt"/>
          <line num="299" count="0" type="stmt"/>
          <line num="300" count="0" type="stmt"/>
          <line num="301" count="0" type="stmt"/>
          <line num="304" count="0" type="cond" truecount="0" falsecount="6"/>
          <line num="310" count="0" type="stmt"/>
          <line num="314" count="1" type="cond" truecount="1" falsecount="1"/>
          <line num="315" count="0" type="stmt"/>
          <line num="316" count="0" type="stmt"/>
          <line num="318" count="1" type="stmt"/>
          <line num="321" count="1" type="cond" truecount="1" falsecount="1"/>
          <line num="322" count="0" type="stmt"/>
          <line num="323" count="0" type="stmt"/>
          <line num="325" count="1" type="stmt"/>
          <line num="328" count="1" type="stmt"/>
          <line num="331" count="4" type="cond" truecount="2" falsecount="0"/>
          <line num="332" count="3" type="stmt"/>
          <line num="334" count="1" type="stmt"/>
          <line num="338" count="4" type="cond" truecount="2" falsecount="0"/>
          <line num="339" count="1" type="stmt"/>
          <line num="341" count="3" type="stmt"/>
          <line num="345" count="3" type="stmt"/>
        </file>
      </package>
      <package name="system.components.data-input.shared">
        <metrics statements="47" coveredstatements="28" conditionals="32" coveredconditionals="12" methods="4" coveredmethods="2"/>
        <file name="input.js" path="/Development/cion/cion/src/system/components/data-input/shared/input.js">
          <metrics statements="30" coveredstatements="12" conditionals="22" coveredconditionals="3" methods="4" coveredmethods="2"/>
          <line num="14" count="29" type="stmt"/>
          <line num="67" count="29" type="stmt"/>
          <line num="77" count="29" type="stmt"/>
          <line num="86" count="29" type="stmt"/>
          <line num="94" count="0" type="stmt"/>
          <line num="106" count="29" type="stmt"/>
          <line num="113" count="29" type="cond" truecount="1" falsecount="1"/>
          <line num="114" count="0" type="stmt"/>
          <line num="118" count="0" type="cond" truecount="0" falsecount="2"/>
          <line num="119" count="0" type="stmt"/>
          <line num="124" count="0" type="stmt"/>
          <line num="127" count="8" type="stmt"/>
          <line num="128" count="8" type="cond" truecount="1" falsecount="1"/>
          <line num="129" count="0" type="stmt"/>
          <line num="137" count="8" type="stmt"/>
          <line num="138" count="8" type="stmt"/>
          <line num="142" count="0" type="stmt"/>
          <line num="143" count="0" type="cond" truecount="0" falsecount="2"/>
          <line num="146" count="8" type="cond" truecount="1" falsecount="1"/>
          <line num="147" count="8" type="stmt"/>
          <line num="149" count="0" type="stmt"/>
          <line num="152" count="0" type="stmt"/>
          <line num="154" count="0" type="stmt"/>
          <line num="155" count="0" type="stmt"/>
          <line num="156" count="0" type="cond" truecount="0" falsecount="2"/>
          <line num="157" count="0" type="stmt"/>
          <line num="159" count="0" type="stmt"/>
          <line num="162" count="0" type="stmt"/>
          <line num="166" count="0" type="stmt"/>
          <line num="169" count="0" type="stmt"/>
        </file>
        <file name="multiinput.js" path="/Development/cion/cion/src/system/components/data-input/shared/multiinput.js">
          <metrics statements="17" coveredstatements="16" conditionals="10" coveredconditionals="9" methods="0" coveredmethods="0"/>
          <line num="16" count="8" type="cond" truecount="2" falsecount="0"/>
          <line num="17" count="2" type="stmt"/>
          <line num="19" count="6" type="stmt"/>
          <line num="23" count="2" type="cond" truecount="1" falsecount="1"/>
          <line num="24" count="0" type="stmt"/>
          <line num="26" count="2" type="stmt"/>
          <line num="27" count="2" type="cond" truecount="2" falsecount="0"/>
          <line num="28" count="1" type="stmt"/>
          <line num="30" count="1" type="stmt"/>
          <line num="33" count="1" type="stmt"/>
          <line num="34" count="1" type="stmt"/>
          <line num="35" count="1" type="stmt"/>
          <line num="38" count="158" type="cond" truecount="2" falsecount="0"/>
          <line num="39" count="104" type="stmt"/>
          <line num="41" count="54" type="cond" truecount="2" falsecount="0"/>
          <line num="42" count="18" type="stmt"/>
          <line num="44" count="36" type="stmt"/>
        </file>
      </package>
      <package name="system.components.layout.Card">
        <metrics statements="1" coveredstatements="1" conditionals="0" coveredconditionals="0" methods="1" coveredmethods="1"/>
        <file name="Card.vue" path="/Development/cion/cion/src/system/components/layout/Card/Card.vue">
          <metrics statements="1" coveredstatements="1" conditionals="0" coveredconditionals="0" methods="1" coveredmethods="1"/>
          <line num="77" count="1" type="stmt"/>
        </file>
      </package>
      <package name="system.components.layout.Container">
        <metrics statements="1" coveredstatements="1" conditionals="0" coveredconditionals="0" methods="1" coveredmethods="1"/>
        <file name="Container.vue" path="/Development/cion/cion/src/system/components/layout/Container/Container.vue">
          <metrics statements="1" coveredstatements="1" conditionals="0" coveredconditionals="0" methods="1" coveredmethods="1"/>
          <line num="38" count="1" type="stmt"/>
        </file>
      </package>
      <package name="system.components.layout.Flex">
        <metrics statements="32" coveredstatements="8" conditionals="12" coveredconditionals="2" methods="0" coveredmethods="0"/>
        <file name="Flex.vue" path="/Development/cion/cion/src/system/components/layout/Flex/Flex.vue">
          <metrics statements="11" coveredstatements="8" conditionals="4" coveredconditionals="2" methods="0" coveredmethods="0"/>
          <line num="11" count="1" type="stmt"/>
          <line num="12" count="1" type="stmt"/>
          <line num="22" count="1" type="stmt"/>
          <line num="59" count="1" type="stmt"/>
          <line num="60" count="1" type="stmt"/>
          <line num="61" count="1" type="cond" truecount="1" falsecount="1"/>
          <line num="62" count="1" type="cond" truecount="1" falsecount="1"/>
          <line num="63" count="1" type="stmt"/>
          <line num="71" count="0" type="stmt"/>
          <line num="72" count="0" type="stmt"/>
          <line num="78" count="0" type="stmt"/>
        </file>
        <file name="FlexItem.vue" path="/Development/cion/cion/src/system/components/layout/Flex/FlexItem.vue">
          <metrics statements="21" coveredstatements="0" conditionals="8" coveredconditionals="0" methods="0" coveredmethods="0"/>
          <line num="11" count="0" type="stmt"/>
          <line num="12" count="0" type="stmt"/>
          <line num="34" count="0" type="cond" truecount="0" falsecount="2"/>
          <line num="47" count="0" type="cond" truecount="0" falsecount="2"/>
          <line num="50" count="0" type="stmt"/>
          <line num="51" count="0" type="stmt"/>
          <line num="52" count="0" type="stmt"/>
          <line num="53" count="0" type="stmt"/>
          <line num="54" count="0" type="stmt"/>
          <line num="62" count="0" type="stmt"/>
          <line num="63" count="0" type="cond" truecount="0" falsecount="2"/>
          <line num="64" count="0" type="stmt"/>
          <line num="65" count="0" type="stmt"/>
          <line num="67" count="0" type="stmt"/>
          <line num="68" count="0" type="stmt"/>
          <line num="69" count="0" type="stmt"/>
          <line num="71" count="0" type="stmt"/>
          <line num="74" count="0" type="stmt"/>
          <line num="75" count="0" type="cond" truecount="0" falsecount="2"/>
          <line num="76" count="0" type="stmt"/>
          <line num="78" count="0" type="stmt"/>
        </file>
      </package>
      <package name="system.components.layout.Page">
        <metrics statements="3" coveredstatements="2" conditionals="0" coveredconditionals="0" methods="0" coveredmethods="0"/>
        <file name="Page.vue" path="/Development/cion/cion/src/system/components/layout/Page/Page.vue">
          <metrics statements="3" coveredstatements="2" conditionals="0" coveredconditionals="0" methods="0" coveredmethods="0"/>
          <line num="67" count="1" type="stmt"/>
          <line num="73" count="1" type="stmt"/>
          <line num="78" count="0" type="stmt"/>
        </file>
      </package>
      <package name="system.components.layout.Space">
        <metrics statements="15" coveredstatements="15" conditionals="4" coveredconditionals="3" methods="1" coveredmethods="1"/>
        <file name="Space.vue" path="/Development/cion/cion/src/system/components/layout/Space/Space.vue">
          <metrics statements="15" coveredstatements="15" conditionals="4" coveredconditionals="3" methods="1" coveredmethods="1"/>
          <line num="15" count="1" type="stmt"/>
          <line num="16" count="1" type="stmt"/>
          <line num="62" count="1" type="stmt"/>
          <line num="63" count="1" type="stmt"/>
          <line num="64" count="1" type="stmt"/>
          <line num="65" count="1" type="stmt"/>
          <line num="66" count="1" type="stmt"/>
          <line num="74" count="2" type="stmt"/>
          <line num="75" count="2" type="stmt"/>
          <line num="76" count="2" type="cond" truecount="2" falsecount="0"/>
          <line num="77" count="1" type="stmt"/>
          <line num="79" count="1" type="stmt"/>
          <line num="80" count="1" type="cond" truecount="1" falsecount="1"/>
          <line num="81" count="1" type="stmt"/>
          <line num="83" count="1" type="stmt"/>
        </file>
      </package>
      <package name="system.components.layout.Spinner">
        <metrics statements="1" coveredstatements="1" conditionals="0" coveredconditionals="0" methods="1" coveredmethods="1"/>
        <file name="Spinner.vue" path="/Development/cion/cion/src/system/components/layout/Spinner/Spinner.vue">
          <metrics statements="1" coveredstatements="1" conditionals="0" coveredconditionals="0" methods="1" coveredmethods="1"/>
          <line num="29" count="1" type="stmt"/>
        </file>
      </package>
      <package name="system.components.navigation.Button">
        <metrics statements="13" coveredstatements="9" conditionals="15" coveredconditionals="8" methods="2" coveredmethods="1"/>
        <file name="Button.vue" path="/Development/cion/cion/src/system/components/navigation/Button/Button.vue">
          <metrics statements="13" coveredstatements="9" conditionals="15" coveredconditionals="8" methods="2" coveredmethods="1"/>
          <line num="45" count="4" type="stmt"/>
          <line num="56" count="0" type="stmt"/>
          <line num="66" count="4" type="cond" truecount="1" falsecount="1"/>
          <line num="67" count="4" type="cond" truecount="1" falsecount="1"/>
          <line num="70" count="4" type="stmt"/>
          <line num="132" count="1" type="stmt"/>
          <line num="133" count="1" type="cond" truecount="2" falsecount="2"/>
          <line num="134" count="0" type="stmt"/>
          <line num="136" count="1" type="cond" truecount="2" falsecount="2"/>
          <line num="137" count="0" type="stmt"/>
          <line num="139" count="1" type="stmt"/>
          <line num="142" count="1" type="cond" truecount="2" falsecount="1"/>
          <line num="154" count="0" type="stmt"/>
        </file>
      </package>
      <package name="system.components.navigation.Menu">
        <metrics statements="48" coveredstatements="4" conditionals="34" coveredconditionals="1" methods="5" coveredmethods="1"/>
        <file name="Menu.vue" path="/Development/cion/cion/src/system/components/navigation/Menu/Menu.vue">
          <metrics statements="12" coveredstatements="4" conditionals="6" coveredconditionals="1" methods="2" coveredmethods="1"/>
          <line num="33" count="1" type="stmt"/>
          <line num="44" count="1" type="stmt"/>
          <line num="68" count="1" type="cond" truecount="1" falsecount="1"/>
          <line num="71" count="1" type="stmt"/>
          <line num="80" count="0" type="cond" truecount="0" falsecount="2"/>
          <line num="81" count="0" type="stmt"/>
          <line num="83" count="0" type="stmt"/>
          <line num="84" count="0" type="stmt"/>
          <line num="85" count="0" type="stmt"/>
          <line num="94" count="0" type="stmt"/>
          <line num="103" count="0" type="cond" truecount="0" falsecount="2"/>
          <line num="115" count="0" type="stmt"/>
        </file>
        <file name="MenuItem.vue" path="/Development/cion/cion/src/system/components/navigation/Menu/MenuItem.vue">
          <metrics statements="36" coveredstatements="0" conditionals="28" coveredconditionals="0" methods="3" coveredmethods="0"/>
          <line num="38" count="0" type="stmt"/>
          <line num="61" count="0" type="stmt"/>
          <line num="70" count="0" type="stmt"/>
          <line num="80" count="0" type="cond" truecount="0" falsecount="2"/>
          <line num="85" count="0" type="stmt"/>
          <line num="90" count="0" type="stmt"/>
          <line num="98" count="0" type="cond" truecount="0" falsecount="2"/>
          <line num="101" count="0" type="stmt"/>
          <line num="104" count="0" type="stmt"/>
          <line num="107" count="0" type="stmt"/>
          <line num="110" count="0" type="stmt"/>
          <line num="113" count="0" type="stmt"/>
          <line num="114" count="0" type="cond" truecount="0" falsecount="2"/>
          <line num="115" count="0" type="stmt"/>
          <line num="117" count="0" type="cond" truecount="0" falsecount="2"/>
          <line num="118" count="0" type="stmt"/>
          <line num="120" count="0" type="stmt"/>
          <line num="125" count="0" type="cond" truecount="0" falsecount="2"/>
          <line num="126" count="0" type="stmt"/>
          <line num="128" count="0" type="stmt"/>
          <line num="129" count="0" type="cond" truecount="0" falsecount="5"/>
          <line num="130" count="0" type="stmt"/>
          <line num="135" count="0" type="cond" truecount="0" falsecount="2"/>
          <line num="136" count="0" type="stmt"/>
          <line num="138" count="0" type="stmt"/>
          <line num="139" count="0" type="cond" truecount="0" falsecount="5"/>
          <line num="140" count="0" type="stmt"/>
          <line num="145" count="0" type="stmt"/>
          <line num="146" count="0" type="cond" truecount="0" falsecount="6"/>
          <line num="152" count="0" type="stmt"/>
          <line num="153" count="0" type="stmt"/>
          <line num="154" count="0" type="stmt"/>
          <line num="155" count="0" type="stmt"/>
          <line num="165" count="0" type="stmt"/>
          <line num="166" count="0" type="stmt"/>
          <line num="169" count="0" type="stmt"/>
        </file>
      </package>
      <package name="system.components.typography.Chip">
        <metrics statements="3" coveredstatements="2" conditionals="0" coveredconditionals="0" methods="2" coveredmethods="2"/>
        <file name="Chip.vue" path="/Development/cion/cion/src/system/components/typography/Chip/Chip.vue">
          <metrics statements="3" coveredstatements="2" conditionals="0" coveredconditionals="0" methods="2" coveredmethods="2"/>
          <line num="40" count="10" type="stmt"/>
          <line num="51" count="10" type="stmt"/>
          <line num="83" count="0" type="stmt"/>
        </file>
      </package>
      <package name="system.components.typography.Heading">
        <metrics statements="2" coveredstatements="1" conditionals="0" coveredconditionals="0" methods="2" coveredmethods="1"/>
        <file name="Heading.vue" path="/Development/cion/cion/src/system/components/typography/Heading/Heading.vue">
          <metrics statements="2" coveredstatements="1" conditionals="0" coveredconditionals="0" methods="2" coveredmethods="1"/>
          <line num="33" count="3" type="stmt"/>
          <line num="44" count="0" type="stmt"/>
        </file>
      </package>
      <package name="system.components.typography.Icon">
        <metrics statements="5" coveredstatements="4" conditionals="4" coveredconditionals="1" methods="0" coveredmethods="0"/>
        <file name="Icon.vue" path="/Development/cion/cion/src/system/components/typography/Icon/Icon.vue">
          <metrics statements="5" coveredstatements="4" conditionals="4" coveredconditionals="1" methods="0" coveredmethods="0"/>
          <line num="15" count="2" type="stmt"/>
          <line num="47" count="1" type="stmt"/>
          <line num="48" count="1" type="cond" truecount="1" falsecount="1"/>
          <line num="49" count="1" type="stmt"/>
          <line num="51" count="0" type="cond" truecount="0" falsecount="2"/>
        </file>
      </package>
      <package name="system.components.typography.Logo">
        <metrics statements="1" coveredstatements="1" conditionals="0" coveredconditionals="0" methods="0" coveredmethods="0"/>
        <file name="Logo.vue" path="/Development/cion/cion/src/system/components/typography/Logo/Logo.vue">
          <metrics statements="1" coveredstatements="1" conditionals="0" coveredconditionals="0" methods="0" coveredmethods="0"/>
          <line num="13" count="1" type="stmt"/>
        </file>
      </package>
      <package name="system.components.typography.Tag">
        <metrics statements="2" coveredstatements="2" conditionals="0" coveredconditionals="0" methods="2" coveredmethods="2"/>
        <file name="Tag.vue" path="/Development/cion/cion/src/system/components/typography/Tag/Tag.vue">
          <metrics statements="2" coveredstatements="2" conditionals="0" coveredconditionals="0" methods="2" coveredmethods="2"/>
          <line num="32" count="1" type="stmt"/>
          <line num="43" count="1" type="stmt"/>
        </file>
      </package>
      <package name="system.components.typography.Text">
        <metrics statements="5" coveredstatements="3" conditionals="2" coveredconditionals="1" methods="2" coveredmethods="0"/>
        <file name="Text.vue" path="/Development/cion/cion/src/system/components/typography/Text/Text.vue">
          <metrics statements="5" coveredstatements="3" conditionals="2" coveredconditionals="1" methods="2" coveredmethods="0"/>
          <line num="26" count="1" type="stmt"/>
          <line num="44" count="0" type="stmt"/>
          <line num="63" count="1" type="stmt"/>
          <line num="74" count="0" type="stmt"/>
          <line num="84" count="1" type="cond" truecount="1" falsecount="1"/>
        </file>
      </package>
      <package name="system.icons">
        <metrics statements="8" coveredstatements="4" conditionals="0" coveredconditionals="0" methods="1" coveredmethods="0"/>
        <file name="index.js" path="/Development/cion/cion/src/system/icons/index.js">
          <metrics statements="8" coveredstatements="4" conditionals="0" coveredconditionals="0" methods="1" coveredmethods="0"/>
          <line num="2" count="2" type="stmt"/>
          <line num="4" count="2" type="stmt"/>
          <line num="5" count="2" type="stmt"/>
          <line num="7" count="2" type="stmt"/>
          <line num="8" count="0" type="stmt"/>
          <line num="9" count="0" type="stmt"/>
          <line num="10" count="0" type="stmt"/>
          <line num="11" count="0" type="stmt"/>
        </file>
      </package>
      <package name="system.mixins">
        <metrics statements="21" coveredstatements="14" conditionals="20" coveredconditionals="14" methods="3" coveredmethods="2"/>
        <file name="index.js" path="/Development/cion/cion/src/system/mixins/index.js">
          <metrics statements="0" coveredstatements="0" conditionals="0" coveredconditionals="0" methods="0" coveredmethods="0"/>
        </file>
        <file name="media-query.js" path="/Development/cion/cion/src/system/mixins/media-query.js">
          <metrics statements="21" coveredstatements="14" conditionals="20" coveredconditionals="14" methods="3" coveredmethods="2"/>
          <line num="3" count="2" type="stmt"/>
          <line num="9" count="2" type="stmt"/>
          <line num="14" count="2" type="stmt"/>
          <line num="20" count="2" type="stmt"/>
          <line num="23" count="4" type="cond" truecount="2" falsecount="0"/>
          <line num="24" count="2" type="stmt"/>
          <line num="26" count="2" type="cond" truecount="3" falsecount="1"/>
          <line num="27" count="2" type="stmt"/>
          <line num="28" count="2" type="stmt"/>
          <line num="29" count="2" type="stmt"/>
          <line num="38" count="2" type="stmt"/>
          <line num="44" count="4" type="stmt"/>
          <line num="45" count="4" type="cond" truecount="3" falsecount="1"/>
          <line num="46" count="4" type="stmt"/>
          <line num="48" count="0" type="stmt"/>
          <line num="49" count="0" type="stmt"/>
          <line num="52" count="0" type="stmt"/>
          <line num="53" count="0" type="cond" truecount="0" falsecount="4"/>
          <line num="54" count="0" type="stmt"/>
          <line num="55" count="0" type="stmt"/>
          <line num="58" count="0" type="stmt"/>
        </file>
      </package>
      <package name="system.plugins">
        <metrics statements="32" coveredstatements="0" conditionals="6" coveredconditionals="0" methods="3" coveredmethods="0"/>
        <file name="filters.js" path="/Development/cion/cion/src/system/plugins/filters.js">
          <metrics statements="6" coveredstatements="0" conditionals="0" coveredconditionals="0" methods="0" coveredmethods="0"/>
          <line num="1" count="0" type="stmt"/>
          <line num="2" count="0" type="stmt"/>
          <line num="3" count="0" type="stmt"/>
          <line num="7" count="0" type="stmt"/>
          <line num="8" count="0" type="stmt"/>
          <line num="9" count="0" type="stmt"/>
        </file>
        <file name="index.js" path="/Development/cion/cion/src/system/plugins/index.js">
          <metrics statements="6" coveredstatements="0" conditionals="0" coveredconditionals="0" methods="0" coveredmethods="0"/>
          <line num="1" count="0" type="stmt"/>
          <line num="2" count="0" type="stmt"/>
          <line num="3" count="0" type="stmt"/>
          <line num="7" count="0" type="stmt"/>
          <line num="8" count="0" type="stmt"/>
          <line num="9" count="0" type="stmt"/>
        </file>
        <file name="themer.js" path="/Development/cion/cion/src/system/plugins/themer.js">
          <metrics statements="17" coveredstatements="0" conditionals="6" coveredconditionals="0" methods="3" coveredmethods="0"/>
          <line num="1" count="0" type="stmt"/>
          <line num="3" count="0" type="stmt"/>
          <line num="7" count="0" type="stmt"/>
          <line num="8" count="0" type="cond" truecount="0" falsecount="2"/>
          <line num="10" count="0" type="stmt"/>
          <line num="11" count="0" type="stmt"/>
          <line num="13" count="0" type="stmt"/>
          <line num="14" count="0" type="stmt"/>
          <line num="19" count="0" type="stmt"/>
          <line num="20" count="0" type="cond" truecount="0" falsecount="2"/>
          <line num="21" count="0" type="stmt"/>
          <line num="22" count="0" type="stmt"/>
          <line num="24" count="0" type="stmt"/>
          <line num="25" count="0" type="stmt"/>
          <line num="27" count="0" type="stmt"/>
          <line num="33" count="0" type="cond" truecount="0" falsecount="2"/>
          <line num="34" count="0" type="stmt"/>
        </file>
        <file name="utils.js" path="/Development/cion/cion/src/system/plugins/utils.js">
          <metrics statements="3" coveredstatements="0" conditionals="0" coveredconditionals="0" methods="0" coveredmethods="0"/>
          <line num="1" count="0" type="stmt"/>
          <line num="5" count="0" type="stmt"/>
          <line num="8" count="0" type="stmt"/>
        </file>
      </package>
      <package name="system.tokens">
        <metrics statements="18" coveredstatements="14" conditionals="2" coveredconditionals="2" methods="2" coveredmethods="1"/>
        <file name="index.js" path="/Development/cion/cion/src/system/tokens/index.js">
          <metrics statements="18" coveredstatements="14" conditionals="2" coveredconditionals="2" methods="2" coveredmethods="1"/>
          <line num="4" count="2" type="stmt"/>
          <line num="5" count="2" type="stmt"/>
          <line num="6" count="2" type="stmt"/>
          <line num="7" count="2" type="stmt"/>
          <line num="8" count="0" type="stmt"/>
          <line num="9" count="0" type="stmt"/>
          <line num="10" count="0" type="stmt"/>
          <line num="11" count="0" type="stmt"/>
          <line num="14" count="2" type="stmt"/>
          <line num="16" count="354" type="stmt"/>
          <line num="17" count="354" type="stmt"/>
          <line num="18" count="354" type="stmt"/>
          <line num="19" count="354" type="cond" truecount="2" falsecount="0"/>
          <line num="20" count="44" type="stmt"/>
          <line num="23" count="354" type="stmt"/>
          <line num="25" count="354" type="stmt"/>
          <line num="26" count="354" type="stmt"/>
          <line num="27" count="354" type="stmt"/>
        </file>
      </package>
      <package name="system.utils">
        <metrics statements="3" coveredstatements="3" conditionals="2" coveredconditionals="1" methods="1" coveredmethods="1"/>
        <file name="index.js" path="/Development/cion/cion/src/system/utils/index.js">
          <metrics statements="3" coveredstatements="3" conditionals="2" coveredconditionals="1" methods="1" coveredmethods="1"/>
          <line num="4" count="2" type="stmt"/>
          <line num="5" count="1" type="stmt"/>
          <line num="6" count="1" type="cond" truecount="1" falsecount="1"/>
        </file>
      </package>
    </metrics>
  </project>
</coverage>
