{"/Development/cion/cion/src/system/index.js": {"path":"/Development/cion/cion/src/system/index.js","statementMap":{"0":{"start":{"line":1,"column":0},"end":{"line":null,"column":-1}},"1":{"start":{"line":2,"column":0},"end":{"line":null,"column":-1}},"2":{"start":{"line":3,"column":0},"end":{"line":null,"column":-1}},"3":{"start":{"line":7,"column":4},"end":{"line":null,"column":-1}},"4":{"start":{"line":8,"column":4},"end":{"line":null,"column":-1}}},"fnMap":{},"branchMap":{},"s":{"0":0,"1":0,"2":0,"3":0,"4":0},"f":{},"b":{}}
,"/Development/cion/cion/src/system/components/index.js": {"path":"/Development/cion/cion/src/system/components/index.js","statementMap":{"0":{"start":{"line":2,"column":13},"end":{"line":2,"column":0}},"1":{"start":{"line":2,"column":13},"end":{"line":null,"column":-1}},"2":{"start":{"line":4,"column":17},"end":{"line":4,"column":0}},"3":{"start":{"line":4,"column":17},"end":{"line":null,"column":-1}},"4":{"start":{"line":10,"column":19},"end":{"line":10,"column":0}},"5":{"start":{"line":11,"column":22},"end":{"line":11,"column":0}},"6":{"start":{"line":12,"column":25},"end":{"line":12,"column":0}},"7":{"start":{"line":14,"column":12},"end":{"line":14,"column":2}},"8":{"start":{"line":15,"column":15},"end":{"line":15,"column":2}},"9":{"start":{"line":16,"column":17},"end":{"line":16,"column":2}},"10":{"start":{"line":18,"column":2},"end":{"line":20,"column":3}},"11":{"start":{"line":19,"column":4},"end":{"line":null,"column":-1}},"12":{"start":{"line":23,"column":4},"end":{"line":22,"column":2}},"13":{"start":{"line":25,"column":2},"end":{"line":37,"column":3}},"14":{"start":{"line":26,"column":19},"end":{"line":26,"column":4}},"15":{"start":{"line":27,"column":26},"end":{"line":27,"column":4}},"16":{"start":{"line":35,"column":4},"end":{"line":null,"column":-1}},"17":{"start":{"line":36,"column":4},"end":{"line":null,"column":-1}},"18":{"start":{"line":39,"column":2},"end":{"line":null,"column":-1}},"19":{"start":{"line":43,"column":0},"end":{"line":null,"column":-1}},"20":{"start":{"line":44,"column":20},"end":{"line":44,"column":2}},"21":{"start":{"line":45,"column":2},"end":{"line":47,"column":3}},"22":{"start":{"line":46,"column":4},"end":{"line":null,"column":-1}},"23":{"start":{"line":48,"column":2},"end":{"line":50,"column":3}},"24":{"start":{"line":49,"column":4},"end":{"line":null,"column":-1}},"25":{"start":{"line":51,"column":2},"end":{"line":null,"column":-1}},"26":{"start":{"line":58,"column":4},"end":{"line":null,"column":-1}},"27":{"start":{"line":58,"column":28},"end":{"line":58,"column":4}}},"fnMap":{"0":{"name":"(anonymous_0)","decl":{"start":{"line":2,"column":13},"end":{"line":null,"column":-1}},"loc":{"start":{"line":2,"column":13},"end":{"line":2,"column":-1}}},"1":{"name":"(anonymous_4)","decl":{"start":{"line":4,"column":17},"end":{"line":null,"column":-1}},"loc":{"start":{"line":4,"column":17},"end":{"line":4,"column":-1}}},"2":{"name":"(anonymous_8)","decl":{"start":{"line":13,"column":23},"end":{"line":13,"column":25}},"loc":{"start":{"line":13,"column":30},"end":{"line":13,"column":0}}},"3":{"name":"(anonymous_9)","decl":{"start":{"line":43,"column":38},"end":{"line":43,"column":41}},"loc":{"start":{"line":43,"column":46},"end":{"line":43,"column":0}}},"4":{"name":"(anonymous_10)","decl":{"start":{"line":58,"column":23},"end":{"line":58,"column":24}},"loc":{"start":{"line":58,"column":28},"end":{"line":58,"column":4}}}},"branchMap":{"0":{"loc":{"start":{"line":18,"column":2},"end":{"line":20,"column":3}},"type":"if","locations":[{"start":{"line":18,"column":2},"end":{"line":20,"column":3}},{"start":{"line":18,"column":2},"end":{"line":20,"column":3}}]},"1":{"loc":{"start":{"line":23,"column":4},"end":{"line":23,"column":3}},"type":"binary-expr","locations":[{"start":{"line":23,"column":4},"end":{"line":23,"column":3}},{"start":{"line":23,"column":24},"end":{"line":22,"column":2}}]},"2":{"loc":{"start":{"line":25,"column":2},"end":{"line":37,"column":3}},"type":"if","locations":[{"start":{"line":25,"column":2},"end":{"line":37,"column":3}},{"start":{"line":25,"column":2},"end":{"line":37,"column":3}}]},"3":{"loc":{"start":{"line":26,"column":35},"end":{"line":26,"column":19}},"type":"cond-expr","locations":[{"start":{"line":26,"column":35},"end":{"line":26,"column":19}},{"start":{"line":26,"column":66},"end":{"line":26,"column":4}}]},"4":{"loc":{"start":{"line":45,"column":2},"end":{"line":47,"column":3}},"type":"if","locations":[{"start":{"line":45,"column":2},"end":{"line":47,"column":3}},{"start":{"line":45,"column":2},"end":{"line":47,"column":3}}]},"5":{"loc":{"start":{"line":45,"column":6},"end":{"line":45,"column":5}},"type":"binary-expr","locations":[{"start":{"line":45,"column":6},"end":{"line":45,"column":5}},{"start":{"line":45,"column":27},"end":{"line":45,"column":2}}]},"6":{"loc":{"start":{"line":48,"column":2},"end":{"line":50,"column":3}},"type":"if","locations":[{"start":{"line":48,"column":2},"end":{"line":50,"column":3}},{"start":{"line":48,"column":2},"end":{"line":50,"column":3}}]}},"s":{"0":0,"1":0,"2":0,"3":0,"4":0,"5":0,"6":0,"7":0,"8":0,"9":0,"10":0,"11":0,"12":0,"13":0,"14":0,"15":0,"16":0,"17":0,"18":0,"19":0,"20":0,"21":0,"22":0,"23":0,"24":0,"25":0,"26":0,"27":0},"f":{"0":0,"1":0,"2":0,"3":0,"4":0},"b":{"0":[0,0],"1":[0,0],"2":[0,0],"3":[0,0],"4":[0,0],"5":[0,0],"6":[0,0]}}
,"/Development/cion/cion/src/system/components/data-display/CopyField/CopyField.vue": {"path":"/Development/cion/cion/src/system/components/data-display/CopyField/CopyField.vue","statementMap":{"0":{"start":{"line":30,"column":0},"end":{"line":null,"column":-1}},"1":{"start":{"line":50,"column":0},"end":{"line":null,"column":-1}},"2":{"start":{"line":62,"column":0},"end":{"line":null,"column":-1}},"3":{"start":{"line":68,"column":0},"end":{"line":null,"column":-1}},"4":{"start":{"line":69,"column":0},"end":{"line":null,"column":-1}},"5":{"start":{"line":70,"column":0},"end":{"line":null,"column":-1}},"6":{"start":{"line":71,"column":0},"end":{"line":null,"column":-1}},"7":{"start":{"line":72,"column":0},"end":{"line":74,"column":0}},"8":{"start":{"line":73,"column":0},"end":{"line":null,"column":-1}}},"fnMap":{"0":{"name":"(anonymous_1)","decl":{"start":{"line":49,"column":0},"end":{"line":null,"column":-1}},"loc":{"start":{"line":49,"column":0},"end":{"line":51,"column":0}}},"1":{"name":"(anonymous_2)","decl":{"start":{"line":72,"column":0},"end":{"line":null,"column":-1}},"loc":{"start":{"line":72,"column":0},"end":{"line":74,"column":0}}}},"branchMap":{},"s":{"0":1,"1":3,"2":3,"3":0,"4":0,"5":0,"6":0,"7":0,"8":0},"f":{"0":3,"1":0},"b":{}}
,"/Development/cion/cion/src/system/components/data-display/List/List.vue": {"path":"/Development/cion/cion/src/system/components/data-display/List/List.vue","statementMap":{"0":{"start":{"line":20,"column":0},"end":{"line":null,"column":-1}},"1":{"start":{"line":45,"column":0},"end":{"line":null,"column":-1}}},"fnMap":{"0":{"name":"(anonymous_1)","decl":{"start":{"line":44,"column":0},"end":{"line":null,"column":-1}},"loc":{"start":{"line":44,"column":0},"end":{"line":46,"column":0}}}},"branchMap":{},"s":{"0":1,"1":0},"f":{"0":0},"b":{}}
,"/Development/cion/cion/src/system/components/data-display/List/ListItem.vue": {"path":"/Development/cion/cion/src/system/components/data-display/List/ListItem.vue","statementMap":{"0":{"start":{"line":35,"column":0},"end":{"line":null,"column":-1}}},"fnMap":{},"branchMap":{"0":{"loc":{"start":{"line":35,"column":0},"end":{"line":null,"column":-1}},"type":"cond-expr","locations":[{"start":{"line":35,"column":0},"end":{"line":null,"column":-1}},{"start":{"line":35,"column":0},"end":{"line":null,"column":-1}}]}},"s":{"0":0},"f":{},"b":{"0":[0,0]}}
,"/Development/cion/cion/src/system/components/data-display/Table/Table.vue": {"path":"/Development/cion/cion/src/system/components/data-display/Table/Table.vue","statementMap":{"0":{"start":{"line":47,"column":0},"end":{"line":null,"column":-1}},"1":{"start":{"line":56,"column":0},"end":{"line":null,"column":-1}},"2":{"start":{"line":67,"column":0},"end":{"line":null,"column":-1}},"3":{"start":{"line":76,"column":0},"end":{"line":null,"column":-1}},"4":{"start":{"line":82,"column":0},"end":{"line":84,"column":0}},"5":{"start":{"line":83,"column":0},"end":{"line":null,"column":-1}},"6":{"start":{"line":85,"column":0},"end":{"line":87,"column":0}},"7":{"start":{"line":86,"column":0},"end":{"line":null,"column":-1}},"8":{"start":{"line":88,"column":0},"end":{"line":null,"column":-1}},"9":{"start":{"line":91,"column":0},"end":{"line":null,"column":-1}},"10":{"start":{"line":92,"column":0},"end":{"line":null,"column":-1}},"11":{"start":{"line":93,"column":0},"end":{"line":100,"column":0}},"12":{"start":{"line":94,"column":0},"end":{"line":99,"column":0}},"13":{"start":{"line":95,"column":0},"end":{"line":null,"column":-1}},"14":{"start":{"line":96,"column":0},"end":{"line":99,"column":0}},"15":{"start":{"line":97,"column":0},"end":{"line":null,"column":-1}},"16":{"start":{"line":98,"column":0},"end":{"line":null,"column":-1}},"17":{"start":{"line":102,"column":0},"end":{"line":116,"column":0}},"18":{"start":{"line":103,"column":0},"end":{"line":null,"column":-1}},"19":{"start":{"line":108,"column":0},"end":{"line":114,"column":0}},"20":{"start":{"line":109,"column":0},"end":{"line":111,"column":0}},"21":{"start":{"line":113,"column":0},"end":{"line":null,"column":-1}},"22":{"start":{"line":115,"column":0},"end":{"line":null,"column":-1}},"23":{"start":{"line":119,"column":0},"end":{"line":null,"column":-1}},"24":{"start":{"line":120,"column":0},"end":{"line":133,"column":0}},"25":{"start":{"line":121,"column":0},"end":{"line":125,"column":0}},"26":{"start":{"line":122,"column":0},"end":{"line":null,"column":-1}},"27":{"start":{"line":127,"column":0},"end":{"line":132,"column":0}},"28":{"start":{"line":128,"column":0},"end":{"line":null,"column":-1}},"29":{"start":{"line":138,"column":0},"end":{"line":null,"column":-1}}},"fnMap":{"0":{"name":"(anonymous_1)","decl":{"start":{"line":86,"column":0},"end":{"line":null,"column":-1}},"loc":{"start":{"line":86,"column":0},"end":{"line":null,"column":-1}}},"1":{"name":"(anonymous_2)","decl":{"start":{"line":102,"column":0},"end":{"line":null,"column":-1}},"loc":{"start":{"line":102,"column":0},"end":{"line":116,"column":0}}},"2":{"name":"(anonymous_3)","decl":{"start":{"line":120,"column":0},"end":{"line":null,"column":-1}},"loc":{"start":{"line":120,"column":0},"end":{"line":133,"column":0}}},"3":{"name":"(anonymous_4)","decl":{"start":{"line":127,"column":0},"end":{"line":null,"column":-1}},"loc":{"start":{"line":127,"column":0},"end":{"line":132,"column":0}}}},"branchMap":{"0":{"loc":{"start":{"line":82,"column":0},"end":{"line":84,"column":0}},"type":"if","locations":[{"start":{"line":82,"column":0},"end":{"line":84,"column":0}},{"start":{"line":82,"column":0},"end":{"line":84,"column":0}}]},"1":{"loc":{"start":{"line":85,"column":0},"end":{"line":87,"column":0}},"type":"if","locations":[{"start":{"line":85,"column":0},"end":{"line":87,"column":0}},{"start":{"line":85,"column":0},"end":{"line":87,"column":0}}]},"2":{"loc":{"start":{"line":91,"column":0},"end":{"line":null,"column":-1}},"type":"cond-expr","locations":[{"start":{"line":91,"column":0},"end":{"line":null,"column":-1}},{"start":{"line":91,"column":0},"end":{"line":null,"column":-1}}]},"3":{"loc":{"start":{"line":93,"column":0},"end":{"line":100,"column":0}},"type":"if","locations":[{"start":{"line":93,"column":0},"end":{"line":100,"column":0}},{"start":{"line":93,"column":0},"end":{"line":100,"column":0}}]},"4":{"loc":{"start":{"line":94,"column":0},"end":{"line":99,"column":0}},"type":"if","locations":[{"start":{"line":94,"column":0},"end":{"line":99,"column":0}},{"start":{"line":94,"column":0},"end":{"line":99,"column":0}}]},"5":{"loc":{"start":{"line":96,"column":0},"end":{"line":99,"column":0}},"type":"if","locations":[{"start":{"line":96,"column":0},"end":{"line":99,"column":0}},{"start":{"line":96,"column":0},"end":{"line":99,"column":0}}]},"6":{"loc":{"start":{"line":108,"column":0},"end":{"line":114,"column":0}},"type":"if","locations":[{"start":{"line":108,"column":0},"end":{"line":114,"column":0}},{"start":{"line":108,"column":0},"end":{"line":114,"column":0}}]},"7":{"loc":{"start":{"line":109,"column":0},"end":{"line":111,"column":0}},"type":"cond-expr","locations":[{"start":{"line":109,"column":0},"end":{"line":111,"column":0}},{"start":{"line":111,"column":0},"end":{"line":null,"column":-1}}]},"8":{"loc":{"start":{"line":119,"column":0},"end":{"line":null,"column":-1}},"type":"cond-expr","locations":[{"start":{"line":119,"column":0},"end":{"line":null,"column":-1}},{"start":{"line":119,"column":0},"end":{"line":null,"column":-1}}]},"9":{"loc":{"start":{"line":121,"column":0},"end":{"line":125,"column":0}},"type":"if","locations":[{"start":{"line":121,"column":0},"end":{"line":125,"column":0}},{"start":{"line":121,"column":0},"end":{"line":125,"column":0}}]},"10":{"loc":{"start":{"line":122,"column":0},"end":{"line":null,"column":-1}},"type":"cond-expr","locations":[{"start":{"line":122,"column":0},"end":{"line":null,"column":-1}},{"start":{"line":122,"column":0},"end":{"line":null,"column":-1}}]}},"s":{"0":1,"1":1,"2":1,"3":1,"4":1,"5":1,"6":0,"7":0,"8":0,"9":1,"10":1,"11":1,"12":0,"13":0,"14":0,"15":0,"16":0,"17":1,"18":0,"19":0,"20":0,"21":0,"22":0,"23":1,"24":1,"25":0,"26":0,"27":0,"28":0,"29":0},"f":{"0":0,"1":0,"2":0,"3":0},"b":{"0":[1,0],"1":[0,0],"2":[0,1],"3":[0,1],"4":[0,0],"5":[0,0],"6":[0,0],"7":[0,0],"8":[0,1],"9":[0,0],"10":[0,0]}}
,"/Development/cion/cion/src/system/components/data-display/Table/TableHeadCol.vue": {"path":"/Development/cion/cion/src/system/components/data-display/Table/TableHeadCol.vue","statementMap":{"0":{"start":{"line":30,"column":0},"end":{"line":null,"column":-1}}},"fnMap":{},"branchMap":{},"s":{"0":0},"f":{},"b":{}}
,"/Development/cion/cion/src/system/components/data-input/Form/Form.vue": {"path":"/Development/cion/cion/src/system/components/data-input/Form/Form.vue","statementMap":{"0":{"start":{"line":14,"column":0},"end":{"line":null,"column":-1}},"1":{"start":{"line":15,"column":0},"end":{"line":null,"column":-1}},"2":{"start":{"line":16,"column":0},"end":{"line":null,"column":-1}},"3":{"start":{"line":25,"column":0},"end":{"line":null,"column":-1}},"4":{"start":{"line":42,"column":0},"end":{"line":null,"column":-1}},"5":{"start":{"line":46,"column":0},"end":{"line":null,"column":-1}},"6":{"start":{"line":55,"column":0},"end":{"line":null,"column":-1}},"7":{"start":{"line":56,"column":0},"end":{"line":null,"column":-1}},"8":{"start":{"line":63,"column":0},"end":{"line":78,"column":0}},"9":{"start":{"line":70,"column":0},"end":{"line":null,"column":-1}},"10":{"start":{"line":77,"column":0},"end":{"line":null,"column":-1}},"11":{"start":{"line":81,"column":0},"end":{"line":null,"column":-1}},"12":{"start":{"line":84,"column":0},"end":{"line":null,"column":-1}},"13":{"start":{"line":86,"column":0},"end":{"line":null,"column":-1}},"14":{"start":{"line":87,"column":0},"end":{"line":103,"column":0}},"15":{"start":{"line":88,"column":0},"end":{"line":96,"column":0}},"16":{"start":{"line":89,"column":0},"end":{"line":93,"column":0}},"17":{"start":{"line":90,"column":0},"end":{"line":null,"column":-1}},"18":{"start":{"line":91,"column":0},"end":{"line":null,"column":-1}},"19":{"start":{"line":92,"column":0},"end":{"line":null,"column":-1}},"20":{"start":{"line":95,"column":0},"end":{"line":null,"column":-1}},"21":{"start":{"line":98,"column":0},"end":{"line":null,"column":-1}},"22":{"start":{"line":99,"column":0},"end":{"line":null,"column":-1}},"23":{"start":{"line":100,"column":0},"end":{"line":102,"column":0}},"24":{"start":{"line":101,"column":0},"end":{"line":null,"column":-1}},"25":{"start":{"line":106,"column":0},"end":{"line":109,"column":0}},"26":{"start":{"line":107,"column":0},"end":{"line":null,"column":-1}},"27":{"start":{"line":108,"column":0},"end":{"line":null,"column":-1}},"28":{"start":{"line":112,"column":0},"end":{"line":null,"column":-1}},"29":{"start":{"line":113,"column":0},"end":{"line":115,"column":0}},"30":{"start":{"line":114,"column":0},"end":{"line":null,"column":-1}},"31":{"start":{"line":118,"column":0},"end":{"line":120,"column":0}},"32":{"start":{"line":119,"column":0},"end":{"line":null,"column":-1}},"33":{"start":{"line":123,"column":0},"end":{"line":null,"column":-1}},"34":{"start":{"line":124,"column":0},"end":{"line":null,"column":-1}},"35":{"start":{"line":127,"column":0},"end":{"line":null,"column":-1}},"36":{"start":{"line":131,"column":0},"end":{"line":null,"column":-1}}},"fnMap":{"0":{"name":"(anonymous_1)","decl":{"start":{"line":42,"column":0},"end":{"line":null,"column":-1}},"loc":{"start":{"line":42,"column":0},"end":{"line":null,"column":-1}}},"1":{"name":"(anonymous_2)","decl":{"start":{"line":63,"column":0},"end":{"line":null,"column":-1}},"loc":{"start":{"line":63,"column":0},"end":{"line":78,"column":0}}},"2":{"name":"(anonymous_3)","decl":{"start":{"line":86,"column":0},"end":{"line":null,"column":-1}},"loc":{"start":{"line":86,"column":0},"end":{"line":null,"column":-1}}},"3":{"name":"(anonymous_4)","decl":{"start":{"line":87,"column":0},"end":{"line":null,"column":-1}},"loc":{"start":{"line":87,"column":0},"end":{"line":103,"column":0}}},"4":{"name":"(anonymous_5)","decl":{"start":{"line":89,"column":0},"end":{"line":null,"column":-1}},"loc":{"start":{"line":89,"column":0},"end":{"line":93,"column":0}}},"5":{"name":"(anonymous_6)","decl":{"start":{"line":118,"column":0},"end":{"line":null,"column":-1}},"loc":{"start":{"line":118,"column":0},"end":{"line":120,"column":0}}}},"branchMap":{"0":{"loc":{"start":{"line":88,"column":0},"end":{"line":96,"column":0}},"type":"if","locations":[{"start":{"line":88,"column":0},"end":{"line":96,"column":0}},{"start":{"line":88,"column":0},"end":{"line":96,"column":0}}]},"1":{"loc":{"start":{"line":100,"column":0},"end":{"line":102,"column":0}},"type":"if","locations":[{"start":{"line":100,"column":0},"end":{"line":102,"column":0}},{"start":{"line":100,"column":0},"end":{"line":102,"column":0}}]},"2":{"loc":{"start":{"line":100,"column":0},"end":{"line":null,"column":-1}},"type":"binary-expr","locations":[{"start":{"line":100,"column":0},"end":{"line":null,"column":-1}},{"start":{"line":100,"column":0},"end":{"line":null,"column":-1}},{"start":{"line":100,"column":0},"end":{"line":null,"column":-1}}]},"3":{"loc":{"start":{"line":106,"column":0},"end":{"line":109,"column":0}},"type":"if","locations":[{"start":{"line":106,"column":0},"end":{"line":109,"column":0}},{"start":{"line":106,"column":0},"end":{"line":109,"column":0}}]},"4":{"loc":{"start":{"line":106,"column":0},"end":{"line":null,"column":-1}},"type":"binary-expr","locations":[{"start":{"line":106,"column":0},"end":{"line":null,"column":-1}},{"start":{"line":106,"column":0},"end":{"line":null,"column":-1}}]},"5":{"loc":{"start":{"line":113,"column":0},"end":{"line":115,"column":0}},"type":"if","locations":[{"start":{"line":113,"column":0},"end":{"line":115,"column":0}},{"start":{"line":113,"column":0},"end":{"line":115,"column":0}}]}},"s":{"0":1,"1":1,"2":1,"3":1,"4":1,"5":1,"6":0,"7":0,"8":0,"9":0,"10":0,"11":0,"12":0,"13":0,"14":0,"15":0,"16":0,"17":0,"18":0,"19":0,"20":0,"21":0,"22":0,"23":0,"24":0,"25":0,"26":0,"27":0,"28":0,"29":0,"30":0,"31":0,"32":0,"33":0,"34":0,"35":0,"36":1},"f":{"0":1,"1":0,"2":0,"3":0,"4":0,"5":0},"b":{"0":[0,0],"1":[0,0],"2":[0,0,0],"3":[0,0],"4":[0,0],"5":[0,0]}}
,"/Development/cion/cion/src/system/components/data-input/Input/Input.vue": {"path":"/Development/cion/cion/src/system/components/data-input/Input/Input.vue","statementMap":{"0":{"start":{"line":40,"column":0},"end":{"line":null,"column":-1}},"1":{"start":{"line":58,"column":0},"end":{"line":null,"column":-1}},"2":{"start":{"line":99,"column":0},"end":{"line":101,"column":0}},"3":{"start":{"line":100,"column":0},"end":{"line":null,"column":-1}},"4":{"start":{"line":102,"column":0},"end":{"line":null,"column":-1}}},"fnMap":{"0":{"name":"(anonymous_1)","decl":{"start":{"line":57,"column":0},"end":{"line":null,"column":-1}},"loc":{"start":{"line":57,"column":0},"end":{"line":59,"column":0}}}},"branchMap":{"0":{"loc":{"start":{"line":99,"column":0},"end":{"line":101,"column":0}},"type":"if","locations":[{"start":{"line":99,"column":0},"end":{"line":101,"column":0}},{"start":{"line":99,"column":0},"end":{"line":101,"column":0}}]}},"s":{"0":1,"1":1,"2":1,"3":0,"4":1},"f":{"0":1},"b":{"0":[0,1]}}
,"/Development/cion/cion/src/system/components/data-input/Radio/Radio.vue": {"path":"/Development/cion/cion/src/system/components/data-input/Radio/Radio.vue","statementMap":{"0":{"start":{"line":35,"column":0},"end":{"line":null,"column":-1}},"1":{"start":{"line":36,"column":0},"end":{"line":null,"column":-1}},"2":{"start":{"line":37,"column":0},"end":{"line":null,"column":-1}},"3":{"start":{"line":50,"column":0},"end":{"line":null,"column":-1}},"4":{"start":{"line":68,"column":0},"end":{"line":null,"column":-1}},"5":{"start":{"line":81,"column":0},"end":{"line":null,"column":-1}},"6":{"start":{"line":86,"column":0},"end":{"line":90,"column":0}},"7":{"start":{"line":87,"column":0},"end":{"line":89,"column":0}},"8":{"start":{"line":88,"column":0},"end":{"line":null,"column":-1}},"9":{"start":{"line":95,"column":0},"end":{"line":null,"column":-1}},"10":{"start":{"line":98,"column":0},"end":{"line":102,"column":0}},"11":{"start":{"line":99,"column":0},"end":{"line":null,"column":-1}},"12":{"start":{"line":101,"column":0},"end":{"line":null,"column":-1}},"13":{"start":{"line":103,"column":0},"end":{"line":null,"column":-1}},"14":{"start":{"line":106,"column":0},"end":{"line":110,"column":0}},"15":{"start":{"line":107,"column":0},"end":{"line":null,"column":-1}},"16":{"start":{"line":109,"column":0},"end":{"line":null,"column":-1}},"17":{"start":{"line":111,"column":0},"end":{"line":null,"column":-1}},"18":{"start":{"line":114,"column":0},"end":{"line":null,"column":-1}}},"fnMap":{"0":{"name":"(anonymous_1)","decl":{"start":{"line":87,"column":0},"end":{"line":null,"column":-1}},"loc":{"start":{"line":87,"column":0},"end":{"line":89,"column":0}}}},"branchMap":{"0":{"loc":{"start":{"line":86,"column":0},"end":{"line":90,"column":0}},"type":"if","locations":[{"start":{"line":86,"column":0},"end":{"line":90,"column":0}},{"start":{"line":86,"column":0},"end":{"line":90,"column":0}}]},"1":{"loc":{"start":{"line":98,"column":0},"end":{"line":102,"column":0}},"type":"if","locations":[{"start":{"line":98,"column":0},"end":{"line":102,"column":0}},{"start":{"line":98,"column":0},"end":{"line":102,"column":0}}]},"2":{"loc":{"start":{"line":106,"column":0},"end":{"line":110,"column":0}},"type":"if","locations":[{"start":{"line":106,"column":0},"end":{"line":110,"column":0}},{"start":{"line":106,"column":0},"end":{"line":110,"column":0}}]}},"s":{"0":1,"1":1,"2":1,"3":1,"4":1,"5":1,"6":0,"7":0,"8":0,"9":0,"10":0,"11":0,"12":0,"13":0,"14":0,"15":0,"16":0,"17":0,"18":0},"f":{"0":0},"b":{"0":[0,0],"1":[0,0],"2":[0,0]}}
,"/Development/cion/cion/src/system/components/data-input/Select/Select.vue": {"path":"/Development/cion/cion/src/system/components/data-input/Select/Select.vue","statementMap":{"0":{"start":{"line":144,"column":0},"end":{"line":null,"column":-1}},"1":{"start":{"line":145,"column":0},"end":{"line":null,"column":-1}},"2":{"start":{"line":146,"column":0},"end":{"line":null,"column":-1}},"3":{"start":{"line":147,"column":0},"end":{"line":null,"column":-1}},"4":{"start":{"line":148,"column":0},"end":{"line":null,"column":-1}},"5":{"start":{"line":149,"column":0},"end":{"line":null,"column":-1}},"6":{"start":{"line":167,"column":0},"end":{"line":null,"column":-1}},"7":{"start":{"line":208,"column":0},"end":{"line":null,"column":-1}},"8":{"start":{"line":242,"column":0},"end":{"line":244,"column":0}},"9":{"start":{"line":243,"column":0},"end":{"line":null,"column":-1}},"10":{"start":{"line":245,"column":0},"end":{"line":null,"column":-1}},"11":{"start":{"line":247,"column":0},"end":{"line":255,"column":0}},"12":{"start":{"line":248,"column":0},"end":{"line":null,"column":-1}},"13":{"start":{"line":249,"column":0},"end":{"line":254,"column":0}},"14":{"start":{"line":250,"column":0},"end":{"line":252,"column":0}},"15":{"start":{"line":251,"column":0},"end":{"line":null,"column":-1}},"16":{"start":{"line":253,"column":0},"end":{"line":null,"column":-1}},"17":{"start":{"line":258,"column":0},"end":{"line":null,"column":-1}},"18":{"start":{"line":263,"column":0},"end":{"line":267,"column":0}},"19":{"start":{"line":264,"column":0},"end":{"line":266,"column":0}},"20":{"start":{"line":265,"column":0},"end":{"line":null,"column":-1}},"21":{"start":{"line":272,"column":0},"end":{"line":null,"column":-1}},"22":{"start":{"line":273,"column":0},"end":{"line":null,"column":-1}},"23":{"start":{"line":274,"column":0},"end":{"line":279,"column":0}},"24":{"start":{"line":275,"column":0},"end":{"line":null,"column":-1}},"25":{"start":{"line":276,"column":0},"end":{"line":null,"column":-1}},"26":{"start":{"line":278,"column":0},"end":{"line":null,"column":-1}},"27":{"start":{"line":282,"column":0},"end":{"line":null,"column":-1}},"28":{"start":{"line":285,"column":0},"end":{"line":null,"column":-1}},"29":{"start":{"line":286,"column":0},"end":{"line":289,"column":0}},"30":{"start":{"line":287,"column":0},"end":{"line":null,"column":-1}},"31":{"start":{"line":288,"column":0},"end":{"line":null,"column":-1}},"32":{"start":{"line":292,"column":0},"end":{"line":null,"column":-1}},"33":{"start":{"line":293,"column":0},"end":{"line":null,"column":-1}},"34":{"start":{"line":296,"column":0},"end":{"line":null,"column":-1}},"35":{"start":{"line":299,"column":0},"end":{"line":null,"column":-1}},"36":{"start":{"line":300,"column":0},"end":{"line":null,"column":-1}},"37":{"start":{"line":301,"column":0},"end":{"line":null,"column":-1}},"38":{"start":{"line":304,"column":0},"end":{"line":311,"column":0}},"39":{"start":{"line":310,"column":0},"end":{"line":null,"column":-1}},"40":{"start":{"line":314,"column":0},"end":{"line":317,"column":0}},"41":{"start":{"line":315,"column":0},"end":{"line":null,"column":-1}},"42":{"start":{"line":316,"column":0},"end":{"line":null,"column":-1}},"43":{"start":{"line":318,"column":0},"end":{"line":null,"column":-1}},"44":{"start":{"line":321,"column":0},"end":{"line":324,"column":0}},"45":{"start":{"line":322,"column":0},"end":{"line":null,"column":-1}},"46":{"start":{"line":323,"column":0},"end":{"line":null,"column":-1}},"47":{"start":{"line":325,"column":0},"end":{"line":null,"column":-1}},"48":{"start":{"line":328,"column":0},"end":{"line":null,"column":-1}},"49":{"start":{"line":331,"column":0},"end":{"line":335,"column":0}},"50":{"start":{"line":332,"column":0},"end":{"line":null,"column":-1}},"51":{"start":{"line":334,"column":0},"end":{"line":null,"column":-1}},"52":{"start":{"line":338,"column":0},"end":{"line":342,"column":0}},"53":{"start":{"line":339,"column":0},"end":{"line":null,"column":-1}},"54":{"start":{"line":341,"column":0},"end":{"line":null,"column":-1}},"55":{"start":{"line":345,"column":0},"end":{"line":null,"column":-1}}},"fnMap":{"0":{"name":"(anonymous_1)","decl":{"start":{"line":247,"column":0},"end":{"line":null,"column":-1}},"loc":{"start":{"line":247,"column":0},"end":{"line":255,"column":0}}},"1":{"name":"(anonymous_2)","decl":{"start":{"line":249,"column":0},"end":{"line":null,"column":-1}},"loc":{"start":{"line":249,"column":0},"end":{"line":254,"column":0}}},"2":{"name":"(anonymous_3)","decl":{"start":{"line":264,"column":0},"end":{"line":null,"column":-1}},"loc":{"start":{"line":264,"column":0},"end":{"line":266,"column":0}}}},"branchMap":{"0":{"loc":{"start":{"line":242,"column":0},"end":{"line":244,"column":0}},"type":"if","locations":[{"start":{"line":242,"column":0},"end":{"line":244,"column":0}},{"start":{"line":242,"column":0},"end":{"line":244,"column":0}}]},"1":{"loc":{"start":{"line":248,"column":0},"end":{"line":null,"column":-1}},"type":"binary-expr","locations":[{"start":{"line":248,"column":0},"end":{"line":null,"column":-1}},{"start":{"line":248,"column":0},"end":{"line":null,"column":-1}}]},"2":{"loc":{"start":{"line":250,"column":0},"end":{"line":252,"column":0}},"type":"if","locations":[{"start":{"line":250,"column":0},"end":{"line":252,"column":0}},{"start":{"line":250,"column":0},"end":{"line":252,"column":0}}]},"3":{"loc":{"start":{"line":263,"column":0},"end":{"line":267,"column":0}},"type":"if","locations":[{"start":{"line":263,"column":0},"end":{"line":267,"column":0}},{"start":{"line":263,"column":0},"end":{"line":267,"column":0}}]},"4":{"loc":{"start":{"line":274,"column":0},"end":{"line":279,"column":0}},"type":"if","locations":[{"start":{"line":274,"column":0},"end":{"line":279,"column":0}},{"start":{"line":274,"column":0},"end":{"line":279,"column":0}}]},"5":{"loc":{"start":{"line":286,"column":0},"end":{"line":289,"column":0}},"type":"if","locations":[{"start":{"line":286,"column":0},"end":{"line":289,"column":0}},{"start":{"line":286,"column":0},"end":{"line":289,"column":0}}]},"6":{"loc":{"start":{"line":286,"column":0},"end":{"line":null,"column":-1}},"type":"binary-expr","locations":[{"start":{"line":286,"column":0},"end":{"line":null,"column":-1}},{"start":{"line":286,"column":0},"end":{"line":null,"column":-1}}]},"7":{"loc":{"start":{"line":304,"column":0},"end":{"line":311,"column":0}},"type":"if","locations":[{"start":{"line":304,"column":0},"end":{"line":311,"column":0}},{"start":{"line":304,"column":0},"end":{"line":311,"column":0}}]},"8":{"loc":{"start":{"line":304,"column":0},"end":{"line":null,"column":-1}},"type":"binary-expr","locations":[{"start":{"line":304,"column":0},"end":{"line":null,"column":-1}},{"start":{"line":304,"column":0},"end":{"line":null,"column":-1}},{"start":{"line":304,"column":0},"end":{"line":null,"column":-1}},{"start":{"line":304,"column":0},"end":{"line":null,"column":-1}}]},"9":{"loc":{"start":{"line":314,"column":0},"end":{"line":317,"column":0}},"type":"if","locations":[{"start":{"line":314,"column":0},"end":{"line":317,"column":0}},{"start":{"line":314,"column":0},"end":{"line":317,"column":0}}]},"10":{"loc":{"start":{"line":321,"column":0},"end":{"line":324,"column":0}},"type":"if","locations":[{"start":{"line":321,"column":0},"end":{"line":324,"column":0}},{"start":{"line":321,"column":0},"end":{"line":324,"column":0}}]},"11":{"loc":{"start":{"line":331,"column":0},"end":{"line":335,"column":0}},"type":"if","locations":[{"start":{"line":331,"column":0},"end":{"line":335,"column":0}},{"start":{"line":331,"column":0},"end":{"line":335,"column":0}}]},"12":{"loc":{"start":{"line":338,"column":0},"end":{"line":342,"column":0}},"type":"if","locations":[{"start":{"line":338,"column":0},"end":{"line":342,"column":0}},{"start":{"line":338,"column":0},"end":{"line":342,"column":0}}]}},"s":{"0":1,"1":1,"2":1,"3":1,"4":1,"5":1,"6":27,"7":0,"8":32,"9":27,"10":5,"11":5,"12":15,"13":15,"14":17,"15":0,"16":17,"17":32,"18":5,"19":0,"20":0,"21":4,"22":4,"23":4,"24":0,"25":0,"26":4,"27":6,"28":0,"29":0,"30":0,"31":0,"32":2,"33":2,"34":4,"35":0,"36":0,"37":0,"38":0,"39":0,"40":1,"41":0,"42":0,"43":1,"44":1,"45":0,"46":0,"47":1,"48":1,"49":4,"50":3,"51":1,"52":4,"53":1,"54":3,"55":3},"f":{"0":15,"1":17,"2":0},"b":{"0":[27,5],"1":[15,15],"2":[0,17],"3":[0,5],"4":[0,4],"5":[0,0],"6":[0,0],"7":[0,0],"8":[0,0,0,0],"9":[0,1],"10":[0,1],"11":[3,1],"12":[1,3]}}
,"/Development/cion/cion/src/system/components/data-input/shared/input.js": {"path":"/Development/cion/cion/src/system/components/data-input/shared/input.js","statementMap":{"0":{"start":{"line":14,"column":4},"end":{"line":16,"column":5}},"1":{"start":{"line":67,"column":21},"end":{"line":67,"column":25}},"2":{"start":{"line":77,"column":8},"end":{"line":77,"column":48}},"3":{"start":{"line":86,"column":4},"end":{"line":90,"column":5}},"4":{"start":{"line":94,"column":6},"end":{"line":100,"column":7}},"5":{"start":{"line":106,"column":8},"end":{"line":106,"column":31}},"6":{"start":{"line":113,"column":4},"end":{"line":115,"column":5}},"7":{"start":{"line":114,"column":6},"end":{"line":114,"column":55}},"8":{"start":{"line":118,"column":4},"end":{"line":120,"column":5}},"9":{"start":{"line":119,"column":6},"end":{"line":119,"column":57}},"10":{"start":{"line":124,"column":6},"end":{"line":124,"column":36}},"11":{"start":{"line":127,"column":6},"end":{"line":127,"column":29}},"12":{"start":{"line":128,"column":6},"end":{"line":139,"column":7}},"13":{"start":{"line":129,"column":8},"end":{"line":129,"column":50}},"14":{"start":{"line":137,"column":8},"end":{"line":137,"column":34}},"15":{"start":{"line":138,"column":8},"end":{"line":138,"column":28}},"16":{"start":{"line":142,"column":6},"end":{"line":142,"column":53}},"17":{"start":{"line":143,"column":6},"end":{"line":143,"column":53}},"18":{"start":{"line":146,"column":6},"end":{"line":148,"column":7}},"19":{"start":{"line":147,"column":8},"end":{"line":147,"column":14}},"20":{"start":{"line":149,"column":24},"end":{"line":149,"column":58}},"21":{"start":{"line":152,"column":19},"end":{"line":152,"column":31}},"22":{"start":{"line":154,"column":6},"end":{"line":154,"column":30}},"23":{"start":{"line":155,"column":6},"end":{"line":163,"column":8}},"24":{"start":{"line":156,"column":8},"end":{"line":160,"column":9}},"25":{"start":{"line":157,"column":10},"end":{"line":157,"column":40}},"26":{"start":{"line":159,"column":10},"end":{"line":159,"column":27}},"27":{"start":{"line":162,"column":8},"end":{"line":162,"column":28}},"28":{"start":{"line":166,"column":6},"end":{"line":166,"column":23}},"29":{"start":{"line":169,"column":6},"end":{"line":169,"column":24}}},"fnMap":{"0":{"name":"(anonymous_0)","decl":{"start":{"line":67,"column":15},"end":{"line":67,"column":16}},"loc":{"start":{"line":67,"column":21},"end":{"line":67,"column":25}},"line":67},"1":{"name":"(anonymous_1)","decl":{"start":{"line":76,"column":17},"end":{"line":76,"column":18}},"loc":{"start":{"line":76,"column":26},"end":{"line":78,"column":7}},"line":76},"2":{"name":"(anonymous_2)","decl":{"start":{"line":154,"column":21},"end":{"line":154,"column":22}},"loc":{"start":{"line":154,"column":27},"end":{"line":154,"column":29}},"line":154},"3":{"name":"(anonymous_3)","decl":{"start":{"line":155,"column":43},"end":{"line":155,"column":44}},"loc":{"start":{"line":155,"column":53},"end":{"line":163,"column":7}},"line":155}},"branchMap":{"0":{"loc":{"start":{"line":95,"column":8},"end":{"line":95,"column":49}},"type":"binary-expr","locations":[{"start":{"line":95,"column":8},"end":{"line":95,"column":17}},{"start":{"line":95,"column":21},"end":{"line":95,"column":49}}],"line":95},"1":{"loc":{"start":{"line":96,"column":8},"end":{"line":96,"column":47}},"type":"binary-expr","locations":[{"start":{"line":96,"column":8},"end":{"line":96,"column":21}},{"start":{"line":96,"column":25},"end":{"line":96,"column":47}}],"line":96},"2":{"loc":{"start":{"line":97,"column":8},"end":{"line":97,"column":47}},"type":"binary-expr","locations":[{"start":{"line":97,"column":8},"end":{"line":97,"column":21}},{"start":{"line":97,"column":25},"end":{"line":97,"column":47}}],"line":97},"3":{"loc":{"start":{"line":98,"column":8},"end":{"line":98,"column":42}},"type":"binary-expr","locations":[{"start":{"line":98,"column":8},"end":{"line":98,"column":18}},{"start":{"line":98,"column":22},"end":{"line":98,"column":42}}],"line":98},"4":{"loc":{"start":{"line":99,"column":8},"end":{"line":99,"column":42}},"type":"binary-expr","locations":[{"start":{"line":99,"column":8},"end":{"line":99,"column":18}},{"start":{"line":99,"column":22},"end":{"line":99,"column":42}}],"line":99},"5":{"loc":{"start":{"line":113,"column":4},"end":{"line":115,"column":5}},"type":"if","locations":[{"start":{"line":113,"column":4},"end":{"line":115,"column":5}},{"start":{"line":113,"column":4},"end":{"line":115,"column":5}}],"line":113},"6":{"loc":{"start":{"line":118,"column":4},"end":{"line":120,"column":5}},"type":"if","locations":[{"start":{"line":118,"column":4},"end":{"line":120,"column":5}},{"start":{"line":118,"column":4},"end":{"line":120,"column":5}}],"line":118},"7":{"loc":{"start":{"line":128,"column":6},"end":{"line":139,"column":7}},"type":"if","locations":[{"start":{"line":128,"column":6},"end":{"line":139,"column":7}},{"start":{"line":128,"column":6},"end":{"line":139,"column":7}}],"line":128},"8":{"loc":{"start":{"line":143,"column":19},"end":{"line":143,"column":53}},"type":"cond-expr","locations":[{"start":{"line":143,"column":28},"end":{"line":143,"column":46}},{"start":{"line":143,"column":49},"end":{"line":143,"column":53}}],"line":143},"9":{"loc":{"start":{"line":146,"column":6},"end":{"line":148,"column":7}},"type":"if","locations":[{"start":{"line":146,"column":6},"end":{"line":148,"column":7}},{"start":{"line":146,"column":6},"end":{"line":148,"column":7}}],"line":146},"10":{"loc":{"start":{"line":156,"column":8},"end":{"line":160,"column":9}},"type":"if","locations":[{"start":{"line":156,"column":8},"end":{"line":160,"column":9}},{"start":{"line":156,"column":8},"end":{"line":160,"column":9}}],"line":156}},"s":{"0":29,"1":29,"2":29,"3":29,"4":0,"5":29,"6":29,"7":0,"8":0,"9":0,"10":0,"11":8,"12":8,"13":0,"14":8,"15":8,"16":0,"17":0,"18":8,"19":8,"20":0,"21":0,"22":0,"23":0,"24":0,"25":0,"26":0,"27":0,"28":0,"29":0},"f":{"0":29,"1":29,"2":0,"3":0},"b":{"0":[0,0],"1":[0,0],"2":[0,0],"3":[0,0],"4":[0,0],"5":[0,29],"6":[0,0],"7":[0,8],"8":[0,0],"9":[8,0],"10":[0,0]},"_coverageSchema":"332fd63041d2c1bcb487cc26dd0d5f7d97098a6c","hash":"87ab2d5cf79c30eb85f72f3f0879a5eaa5f8e6dd"}
,"/Development/cion/cion/src/system/components/data-input/shared/multiinput.js": {"path":"/Development/cion/cion/src/system/components/data-input/shared/multiinput.js","statementMap":{"0":{"start":{"line":16,"column":6},"end":{"line":20,"column":7}},"1":{"start":{"line":17,"column":8},"end":{"line":17,"column":38}},"2":{"start":{"line":19,"column":8},"end":{"line":19,"column":26}},"3":{"start":{"line":23,"column":6},"end":{"line":25,"column":7}},"4":{"start":{"line":24,"column":8},"end":{"line":24,"column":34}},"5":{"start":{"line":26,"column":20},"end":{"line":26,"column":50}},"6":{"start":{"line":27,"column":6},"end":{"line":29,"column":7}},"7":{"start":{"line":28,"column":8},"end":{"line":28,"column":54}},"8":{"start":{"line":30,"column":6},"end":{"line":30,"column":32}},"9":{"start":{"line":33,"column":23},"end":{"line":33,"column":43}},"10":{"start":{"line":34,"column":6},"end":{"line":34,"column":31}},"11":{"start":{"line":35,"column":6},"end":{"line":35,"column":26}},"12":{"start":{"line":38,"column":6},"end":{"line":40,"column":7}},"13":{"start":{"line":39,"column":8},"end":{"line":39,"column":20}},"14":{"start":{"line":41,"column":6},"end":{"line":43,"column":7}},"15":{"start":{"line":42,"column":8},"end":{"line":42,"column":47}},"16":{"start":{"line":44,"column":6},"end":{"line":44,"column":39}}},"fnMap":{},"branchMap":{"0":{"loc":{"start":{"line":16,"column":6},"end":{"line":20,"column":7}},"type":"if","locations":[{"start":{"line":16,"column":6},"end":{"line":20,"column":7}},{"start":{"line":16,"column":6},"end":{"line":20,"column":7}}],"line":16},"1":{"loc":{"start":{"line":23,"column":6},"end":{"line":25,"column":7}},"type":"if","locations":[{"start":{"line":23,"column":6},"end":{"line":25,"column":7}},{"start":{"line":23,"column":6},"end":{"line":25,"column":7}}],"line":23},"2":{"loc":{"start":{"line":27,"column":6},"end":{"line":29,"column":7}},"type":"if","locations":[{"start":{"line":27,"column":6},"end":{"line":29,"column":7}},{"start":{"line":27,"column":6},"end":{"line":29,"column":7}}],"line":27},"3":{"loc":{"start":{"line":38,"column":6},"end":{"line":40,"column":7}},"type":"if","locations":[{"start":{"line":38,"column":6},"end":{"line":40,"column":7}},{"start":{"line":38,"column":6},"end":{"line":40,"column":7}}],"line":38},"4":{"loc":{"start":{"line":41,"column":6},"end":{"line":43,"column":7}},"type":"if","locations":[{"start":{"line":41,"column":6},"end":{"line":43,"column":7}},{"start":{"line":41,"column":6},"end":{"line":43,"column":7}}],"line":41}},"s":{"0":8,"1":2,"2":6,"3":2,"4":0,"5":2,"6":2,"7":1,"8":1,"9":1,"10":1,"11":1,"12":158,"13":104,"14":54,"15":18,"16":36},"f":{},"b":{"0":[2,6],"1":[0,2],"2":[1,1],"3":[104,54],"4":[18,36]},"_coverageSchema":"332fd63041d2c1bcb487cc26dd0d5f7d97098a6c","hash":"67725579c228ac1dd9df1b70a6959d671687247e"}
,"/Development/cion/cion/src/system/components/layout/Card/Card.vue": {"path":"/Development/cion/cion/src/system/components/layout/Card/Card.vue","statementMap":{"0":{"start":{"line":77,"column":0},"end":{"line":null,"column":-1}}},"fnMap":{"0":{"name":"(anonymous_1)","decl":{"start":{"line":76,"column":0},"end":{"line":null,"column":-1}},"loc":{"start":{"line":76,"column":0},"end":{"line":78,"column":0}}}},"branchMap":{},"s":{"0":1},"f":{"0":1},"b":{}}
,"/Development/cion/cion/src/system/components/layout/Container/Container.vue": {"path":"/Development/cion/cion/src/system/components/layout/Container/Container.vue","statementMap":{"0":{"start":{"line":38,"column":0},"end":{"line":null,"column":-1}}},"fnMap":{"0":{"name":"(anonymous_1)","decl":{"start":{"line":37,"column":0},"end":{"line":null,"column":-1}},"loc":{"start":{"line":37,"column":0},"end":{"line":39,"column":0}}}},"branchMap":{},"s":{"0":1},"f":{"0":1},"b":{}}
,"/Development/cion/cion/src/system/components/layout/Flex/Flex.vue": {"path":"/Development/cion/cion/src/system/components/layout/Flex/Flex.vue","statementMap":{"0":{"start":{"line":11,"column":0},"end":{"line":null,"column":-1}},"1":{"start":{"line":12,"column":0},"end":{"line":null,"column":-1}},"2":{"start":{"line":22,"column":0},"end":{"line":null,"column":-1}},"3":{"start":{"line":59,"column":0},"end":{"line":null,"column":-1}},"4":{"start":{"line":60,"column":0},"end":{"line":null,"column":-1}},"5":{"start":{"line":61,"column":0},"end":{"line":null,"column":-1}},"6":{"start":{"line":62,"column":0},"end":{"line":null,"column":-1}},"7":{"start":{"line":63,"column":0},"end":{"line":null,"column":-1}},"8":{"start":{"line":71,"column":0},"end":{"line":null,"column":-1}},"9":{"start":{"line":72,"column":0},"end":{"line":null,"column":-1}},"10":{"start":{"line":78,"column":0},"end":{"line":null,"column":-1}}},"fnMap":{},"branchMap":{"0":{"loc":{"start":{"line":61,"column":0},"end":{"line":null,"column":-1}},"type":"cond-expr","locations":[{"start":{"line":61,"column":0},"end":{"line":null,"column":-1}},{"start":{"line":61,"column":0},"end":{"line":null,"column":-1}}]},"1":{"loc":{"start":{"line":62,"column":0},"end":{"line":null,"column":-1}},"type":"cond-expr","locations":[{"start":{"line":62,"column":0},"end":{"line":null,"column":-1}},{"start":{"line":62,"column":0},"end":{"line":null,"column":-1}}]}},"s":{"0":1,"1":1,"2":1,"3":1,"4":1,"5":1,"6":1,"7":1,"8":0,"9":0,"10":0},"f":{},"b":{"0":[0,1],"1":[0,1]}}
,"/Development/cion/cion/src/system/components/layout/Flex/FlexItem.vue": {"path":"/Development/cion/cion/src/system/components/layout/Flex/FlexItem.vue","statementMap":{"0":{"start":{"line":11,"column":0},"end":{"line":null,"column":-1}},"1":{"start":{"line":12,"column":0},"end":{"line":null,"column":-1}},"2":{"start":{"line":34,"column":0},"end":{"line":null,"column":-1}},"3":{"start":{"line":47,"column":0},"end":{"line":null,"column":-1}},"4":{"start":{"line":50,"column":0},"end":{"line":null,"column":-1}},"5":{"start":{"line":51,"column":0},"end":{"line":null,"column":-1}},"6":{"start":{"line":52,"column":0},"end":{"line":null,"column":-1}},"7":{"start":{"line":53,"column":0},"end":{"line":null,"column":-1}},"8":{"start":{"line":54,"column":0},"end":{"line":null,"column":-1}},"9":{"start":{"line":62,"column":0},"end":{"line":null,"column":-1}},"10":{"start":{"line":63,"column":0},"end":{"line":70,"column":0}},"11":{"start":{"line":64,"column":0},"end":{"line":null,"column":-1}},"12":{"start":{"line":65,"column":0},"end":{"line":null,"column":-1}},"13":{"start":{"line":67,"column":0},"end":{"line":null,"column":-1}},"14":{"start":{"line":68,"column":0},"end":{"line":null,"column":-1}},"15":{"start":{"line":69,"column":0},"end":{"line":null,"column":-1}},"16":{"start":{"line":71,"column":0},"end":{"line":null,"column":-1}},"17":{"start":{"line":74,"column":0},"end":{"line":null,"column":-1}},"18":{"start":{"line":75,"column":0},"end":{"line":77,"column":0}},"19":{"start":{"line":76,"column":0},"end":{"line":null,"column":-1}},"20":{"start":{"line":78,"column":0},"end":{"line":null,"column":-1}}},"fnMap":{},"branchMap":{"0":{"loc":{"start":{"line":34,"column":0},"end":{"line":null,"column":-1}},"type":"cond-expr","locations":[{"start":{"line":34,"column":0},"end":{"line":null,"column":-1}},{"start":{"line":34,"column":0},"end":{"line":null,"column":-1}}]},"1":{"loc":{"start":{"line":47,"column":0},"end":{"line":null,"column":-1}},"type":"cond-expr","locations":[{"start":{"line":47,"column":0},"end":{"line":null,"column":-1}},{"start":{"line":47,"column":0},"end":{"line":null,"column":-1}}]},"2":{"loc":{"start":{"line":63,"column":0},"end":{"line":70,"column":0}},"type":"if","locations":[{"start":{"line":63,"column":0},"end":{"line":70,"column":0}},{"start":{"line":63,"column":0},"end":{"line":70,"column":0}}]},"3":{"loc":{"start":{"line":75,"column":0},"end":{"line":77,"column":0}},"type":"if","locations":[{"start":{"line":75,"column":0},"end":{"line":77,"column":0}},{"start":{"line":75,"column":0},"end":{"line":77,"column":0}}]}},"s":{"0":0,"1":0,"2":0,"3":0,"4":0,"5":0,"6":0,"7":0,"8":0,"9":0,"10":0,"11":0,"12":0,"13":0,"14":0,"15":0,"16":0,"17":0,"18":0,"19":0,"20":0},"f":{},"b":{"0":[0,0],"1":[0,0],"2":[0,0],"3":[0,0]}}
,"/Development/cion/cion/src/system/components/layout/Page/Page.vue": {"path":"/Development/cion/cion/src/system/components/layout/Page/Page.vue","statementMap":{"0":{"start":{"line":67,"column":0},"end":{"line":null,"column":-1}},"1":{"start":{"line":73,"column":0},"end":{"line":null,"column":-1}},"2":{"start":{"line":78,"column":0},"end":{"line":null,"column":-1}}},"fnMap":{},"branchMap":{},"s":{"0":1,"1":1,"2":0},"f":{},"b":{}}
,"/Development/cion/cion/src/system/components/layout/Space/Space.vue": {"path":"/Development/cion/cion/src/system/components/layout/Space/Space.vue","statementMap":{"0":{"start":{"line":15,"column":0},"end":{"line":null,"column":-1}},"1":{"start":{"line":16,"column":0},"end":{"line":null,"column":-1}},"2":{"start":{"line":62,"column":0},"end":{"line":null,"column":-1}},"3":{"start":{"line":63,"column":0},"end":{"line":null,"column":-1}},"4":{"start":{"line":64,"column":0},"end":{"line":null,"column":-1}},"5":{"start":{"line":65,"column":0},"end":{"line":null,"column":-1}},"6":{"start":{"line":66,"column":0},"end":{"line":null,"column":-1}},"7":{"start":{"line":74,"column":0},"end":{"line":84,"column":0}},"8":{"start":{"line":75,"column":0},"end":{"line":null,"column":-1}},"9":{"start":{"line":76,"column":0},"end":{"line":78,"column":0}},"10":{"start":{"line":77,"column":0},"end":{"line":null,"column":-1}},"11":{"start":{"line":79,"column":0},"end":{"line":null,"column":-1}},"12":{"start":{"line":80,"column":0},"end":{"line":82,"column":0}},"13":{"start":{"line":81,"column":0},"end":{"line":null,"column":-1}},"14":{"start":{"line":83,"column":0},"end":{"line":null,"column":-1}}},"fnMap":{"0":{"name":"(anonymous_1)","decl":{"start":{"line":74,"column":0},"end":{"line":null,"column":-1}},"loc":{"start":{"line":74,"column":0},"end":{"line":84,"column":0}}}},"branchMap":{"0":{"loc":{"start":{"line":76,"column":0},"end":{"line":78,"column":0}},"type":"if","locations":[{"start":{"line":76,"column":0},"end":{"line":78,"column":0}},{"start":{"line":76,"column":0},"end":{"line":78,"column":0}}]},"1":{"loc":{"start":{"line":80,"column":0},"end":{"line":82,"column":0}},"type":"if","locations":[{"start":{"line":80,"column":0},"end":{"line":82,"column":0}},{"start":{"line":80,"column":0},"end":{"line":82,"column":0}}]}},"s":{"0":1,"1":1,"2":1,"3":1,"4":1,"5":1,"6":1,"7":2,"8":2,"9":2,"10":1,"11":1,"12":1,"13":1,"14":1},"f":{"0":2},"b":{"0":[1,1],"1":[1,0]}}
,"/Development/cion/cion/src/system/components/layout/Spinner/Spinner.vue": {"path":"/Development/cion/cion/src/system/components/layout/Spinner/Spinner.vue","statementMap":{"0":{"start":{"line":29,"column":0},"end":{"line":null,"column":-1}}},"fnMap":{"0":{"name":"(anonymous_1)","decl":{"start":{"line":28,"column":0},"end":{"line":null,"column":-1}},"loc":{"start":{"line":28,"column":0},"end":{"line":30,"column":0}}}},"branchMap":{},"s":{"0":1},"f":{"0":1},"b":{}}
,"/Development/cion/cion/src/system/components/navigation/Button/Button.vue": {"path":"/Development/cion/cion/src/system/components/navigation/Button/Button.vue","statementMap":{"0":{"start":{"line":45,"column":0},"end":{"line":null,"column":-1}},"1":{"start":{"line":56,"column":0},"end":{"line":null,"column":-1}},"2":{"start":{"line":66,"column":0},"end":{"line":null,"column":-1}},"3":{"start":{"line":67,"column":0},"end":{"line":null,"column":-1}},"4":{"start":{"line":70,"column":0},"end":{"line":null,"column":-1}},"5":{"start":{"line":132,"column":0},"end":{"line":null,"column":-1}},"6":{"start":{"line":133,"column":0},"end":{"line":135,"column":0}},"7":{"start":{"line":134,"column":0},"end":{"line":null,"column":-1}},"8":{"start":{"line":136,"column":0},"end":{"line":138,"column":0}},"9":{"start":{"line":137,"column":0},"end":{"line":null,"column":-1}},"10":{"start":{"line":139,"column":0},"end":{"line":null,"column":-1}},"11":{"start":{"line":142,"column":0},"end":{"line":null,"column":-1}},"12":{"start":{"line":154,"column":0},"end":{"line":null,"column":-1}}},"fnMap":{"0":{"name":"(anonymous_1)","decl":{"start":{"line":55,"column":0},"end":{"line":null,"column":-1}},"loc":{"start":{"line":55,"column":0},"end":{"line":57,"column":0}}},"1":{"name":"(anonymous_2)","decl":{"start":{"line":69,"column":0},"end":{"line":null,"column":-1}},"loc":{"start":{"line":69,"column":0},"end":{"line":71,"column":0}}}},"branchMap":{"0":{"loc":{"start":{"line":66,"column":0},"end":{"line":null,"column":-1}},"type":"cond-expr","locations":[{"start":{"line":66,"column":0},"end":{"line":null,"column":-1}},{"start":{"line":66,"column":0},"end":{"line":null,"column":-1}}]},"1":{"loc":{"start":{"line":67,"column":0},"end":{"line":null,"column":-1}},"type":"cond-expr","locations":[{"start":{"line":67,"column":0},"end":{"line":null,"column":-1}},{"start":{"line":67,"column":0},"end":{"line":null,"column":-1}}]},"2":{"loc":{"start":{"line":133,"column":0},"end":{"line":135,"column":0}},"type":"if","locations":[{"start":{"line":133,"column":0},"end":{"line":135,"column":0}},{"start":{"line":133,"column":0},"end":{"line":135,"column":0}}]},"3":{"loc":{"start":{"line":133,"column":0},"end":{"line":null,"column":-1}},"type":"binary-expr","locations":[{"start":{"line":133,"column":0},"end":{"line":null,"column":-1}},{"start":{"line":133,"column":0},"end":{"line":null,"column":-1}}]},"4":{"loc":{"start":{"line":136,"column":0},"end":{"line":138,"column":0}},"type":"if","locations":[{"start":{"line":136,"column":0},"end":{"line":138,"column":0}},{"start":{"line":136,"column":0},"end":{"line":138,"column":0}}]},"5":{"loc":{"start":{"line":136,"column":0},"end":{"line":null,"column":-1}},"type":"binary-expr","locations":[{"start":{"line":136,"column":0},"end":{"line":null,"column":-1}},{"start":{"line":136,"column":0},"end":{"line":null,"column":-1}}]},"6":{"loc":{"start":{"line":142,"column":0},"end":{"line":null,"column":-1}},"type":"binary-expr","locations":[{"start":{"line":142,"column":0},"end":{"line":null,"column":-1}},{"start":{"line":142,"column":0},"end":{"line":null,"column":-1}},{"start":{"line":142,"column":0},"end":{"line":null,"column":-1}}]}},"s":{"0":4,"1":0,"2":4,"3":4,"4":4,"5":1,"6":1,"7":0,"8":1,"9":0,"10":1,"11":1,"12":0},"f":{"0":0,"1":4},"b":{"0":[0,4],"1":[0,4],"2":[0,1],"3":[1,0],"4":[0,1],"5":[1,0],"6":[1,1,0]}}
,"/Development/cion/cion/src/system/components/navigation/Menu/Menu.vue": {"path":"/Development/cion/cion/src/system/components/navigation/Menu/Menu.vue","statementMap":{"0":{"start":{"line":33,"column":0},"end":{"line":null,"column":-1}},"1":{"start":{"line":44,"column":0},"end":{"line":null,"column":-1}},"2":{"start":{"line":68,"column":0},"end":{"line":null,"column":-1}},"3":{"start":{"line":71,"column":0},"end":{"line":null,"column":-1}},"4":{"start":{"line":80,"column":0},"end":{"line":82,"column":0}},"5":{"start":{"line":81,"column":0},"end":{"line":null,"column":-1}},"6":{"start":{"line":83,"column":0},"end":{"line":null,"column":-1}},"7":{"start":{"line":84,"column":0},"end":{"line":null,"column":-1}},"8":{"start":{"line":85,"column":0},"end":{"line":null,"column":-1}},"9":{"start":{"line":94,"column":0},"end":{"line":null,"column":-1}},"10":{"start":{"line":103,"column":0},"end":{"line":null,"column":-1}},"11":{"start":{"line":115,"column":0},"end":{"line":null,"column":-1}}},"fnMap":{"0":{"name":"(anonymous_1)","decl":{"start":{"line":70,"column":0},"end":{"line":null,"column":-1}},"loc":{"start":{"line":70,"column":0},"end":{"line":72,"column":0}}},"1":{"name":"(anonymous_2)","decl":{"start":{"line":84,"column":0},"end":{"line":null,"column":-1}},"loc":{"start":{"line":84,"column":0},"end":{"line":null,"column":-1}}}},"branchMap":{"0":{"loc":{"start":{"line":68,"column":0},"end":{"line":null,"column":-1}},"type":"cond-expr","locations":[{"start":{"line":68,"column":0},"end":{"line":null,"column":-1}},{"start":{"line":68,"column":0},"end":{"line":null,"column":-1}}]},"1":{"loc":{"start":{"line":80,"column":0},"end":{"line":82,"column":0}},"type":"if","locations":[{"start":{"line":80,"column":0},"end":{"line":82,"column":0}},{"start":{"line":80,"column":0},"end":{"line":82,"column":0}}]},"2":{"loc":{"start":{"line":103,"column":0},"end":{"line":null,"column":-1}},"type":"binary-expr","locations":[{"start":{"line":103,"column":0},"end":{"line":null,"column":-1}},{"start":{"line":103,"column":0},"end":{"line":null,"column":-1}}]}},"s":{"0":1,"1":1,"2":1,"3":1,"4":0,"5":0,"6":0,"7":0,"8":0,"9":0,"10":0,"11":0},"f":{"0":1,"1":0},"b":{"0":[0,1],"1":[0,0],"2":[0,0]}}
,"/Development/cion/cion/src/system/components/navigation/Menu/MenuItem.vue": {"path":"/Development/cion/cion/src/system/components/navigation/Menu/MenuItem.vue","statementMap":{"0":{"start":{"line":38,"column":0},"end":{"line":null,"column":-1}},"1":{"start":{"line":61,"column":0},"end":{"line":null,"column":-1}},"2":{"start":{"line":70,"column":0},"end":{"line":null,"column":-1}},"3":{"start":{"line":80,"column":0},"end":{"line":null,"column":-1}},"4":{"start":{"line":85,"column":0},"end":{"line":null,"column":-1}},"5":{"start":{"line":90,"column":0},"end":{"line":null,"column":-1}},"6":{"start":{"line":98,"column":0},"end":{"line":null,"column":-1}},"7":{"start":{"line":101,"column":0},"end":{"line":null,"column":-1}},"8":{"start":{"line":104,"column":0},"end":{"line":null,"column":-1}},"9":{"start":{"line":107,"column":0},"end":{"line":null,"column":-1}},"10":{"start":{"line":110,"column":0},"end":{"line":null,"column":-1}},"11":{"start":{"line":113,"column":0},"end":{"line":null,"column":-1}},"12":{"start":{"line":114,"column":0},"end":{"line":116,"column":0}},"13":{"start":{"line":115,"column":0},"end":{"line":null,"column":-1}},"14":{"start":{"line":117,"column":0},"end":{"line":119,"column":0}},"15":{"start":{"line":118,"column":0},"end":{"line":null,"column":-1}},"16":{"start":{"line":120,"column":0},"end":{"line":null,"column":-1}},"17":{"start":{"line":125,"column":0},"end":{"line":127,"column":0}},"18":{"start":{"line":126,"column":0},"end":{"line":null,"column":-1}},"19":{"start":{"line":128,"column":0},"end":{"line":132,"column":0}},"20":{"start":{"line":129,"column":0},"end":{"line":131,"column":0}},"21":{"start":{"line":130,"column":0},"end":{"line":null,"column":-1}},"22":{"start":{"line":135,"column":0},"end":{"line":137,"column":0}},"23":{"start":{"line":136,"column":0},"end":{"line":null,"column":-1}},"24":{"start":{"line":138,"column":0},"end":{"line":142,"column":0}},"25":{"start":{"line":139,"column":0},"end":{"line":141,"column":0}},"26":{"start":{"line":140,"column":0},"end":{"line":null,"column":-1}},"27":{"start":{"line":145,"column":0},"end":{"line":null,"column":-1}},"28":{"start":{"line":146,"column":0},"end":{"line":156,"column":0}},"29":{"start":{"line":152,"column":0},"end":{"line":null,"column":-1}},"30":{"start":{"line":153,"column":0},"end":{"line":null,"column":-1}},"31":{"start":{"line":154,"column":0},"end":{"line":null,"column":-1}},"32":{"start":{"line":155,"column":0},"end":{"line":null,"column":-1}},"33":{"start":{"line":165,"column":0},"end":{"line":null,"column":-1}},"34":{"start":{"line":166,"column":0},"end":{"line":null,"column":-1}},"35":{"start":{"line":169,"column":0},"end":{"line":null,"column":-1}}},"fnMap":{"0":{"name":"(anonymous_1)","decl":{"start":{"line":84,"column":0},"end":{"line":null,"column":-1}},"loc":{"start":{"line":84,"column":0},"end":{"line":86,"column":0}}},"1":{"name":"(anonymous_2)","decl":{"start":{"line":128,"column":0},"end":{"line":null,"column":-1}},"loc":{"start":{"line":128,"column":0},"end":{"line":132,"column":0}}},"2":{"name":"(anonymous_3)","decl":{"start":{"line":138,"column":0},"end":{"line":null,"column":-1}},"loc":{"start":{"line":138,"column":0},"end":{"line":142,"column":0}}}},"branchMap":{"0":{"loc":{"start":{"line":80,"column":0},"end":{"line":null,"column":-1}},"type":"cond-expr","locations":[{"start":{"line":80,"column":0},"end":{"line":null,"column":-1}},{"start":{"line":80,"column":0},"end":{"line":null,"column":-1}}]},"1":{"loc":{"start":{"line":98,"column":0},"end":{"line":null,"column":-1}},"type":"binary-expr","locations":[{"start":{"line":98,"column":0},"end":{"line":null,"column":-1}},{"start":{"line":98,"column":0},"end":{"line":null,"column":-1}}]},"2":{"loc":{"start":{"line":114,"column":0},"end":{"line":116,"column":0}},"type":"if","locations":[{"start":{"line":114,"column":0},"end":{"line":116,"column":0}},{"start":{"line":114,"column":0},"end":{"line":116,"column":0}}]},"3":{"loc":{"start":{"line":117,"column":0},"end":{"line":119,"column":0}},"type":"if","locations":[{"start":{"line":117,"column":0},"end":{"line":119,"column":0}},{"start":{"line":117,"column":0},"end":{"line":119,"column":0}}]},"4":{"loc":{"start":{"line":125,"column":0},"end":{"line":127,"column":0}},"type":"if","locations":[{"start":{"line":125,"column":0},"end":{"line":127,"column":0}},{"start":{"line":125,"column":0},"end":{"line":127,"column":0}}]},"5":{"loc":{"start":{"line":129,"column":0},"end":{"line":131,"column":0}},"type":"if","locations":[{"start":{"line":129,"column":0},"end":{"line":131,"column":0}},{"start":{"line":129,"column":0},"end":{"line":131,"column":0}}]},"6":{"loc":{"start":{"line":129,"column":0},"end":{"line":null,"column":-1}},"type":"binary-expr","locations":[{"start":{"line":129,"column":0},"end":{"line":null,"column":-1}},{"start":{"line":129,"column":0},"end":{"line":null,"column":-1}},{"start":{"line":129,"column":0},"end":{"line":null,"column":-1}}]},"7":{"loc":{"start":{"line":135,"column":0},"end":{"line":137,"column":0}},"type":"if","locations":[{"start":{"line":135,"column":0},"end":{"line":137,"column":0}},{"start":{"line":135,"column":0},"end":{"line":137,"column":0}}]},"8":{"loc":{"start":{"line":139,"column":0},"end":{"line":141,"column":0}},"type":"if","locations":[{"start":{"line":139,"column":0},"end":{"line":141,"column":0}},{"start":{"line":139,"column":0},"end":{"line":141,"column":0}}]},"9":{"loc":{"start":{"line":139,"column":0},"end":{"line":null,"column":-1}},"type":"binary-expr","locations":[{"start":{"line":139,"column":0},"end":{"line":null,"column":-1}},{"start":{"line":139,"column":0},"end":{"line":null,"column":-1}},{"start":{"line":139,"column":0},"end":{"line":null,"column":-1}}]},"10":{"loc":{"start":{"line":146,"column":0},"end":{"line":156,"column":0}},"type":"if","locations":[{"start":{"line":146,"column":0},"end":{"line":156,"column":0}},{"start":{"line":146,"column":0},"end":{"line":156,"column":0}}]},"11":{"loc":{"start":{"line":146,"column":0},"end":{"line":null,"column":-1}},"type":"binary-expr","locations":[{"start":{"line":146,"column":0},"end":{"line":null,"column":-1}},{"start":{"line":146,"column":0},"end":{"line":null,"column":-1}},{"start":{"line":146,"column":0},"end":{"line":null,"column":-1}},{"start":{"line":146,"column":0},"end":{"line":null,"column":-1}}]}},"s":{"0":0,"1":0,"2":0,"3":0,"4":0,"5":0,"6":0,"7":0,"8":0,"9":0,"10":0,"11":0,"12":0,"13":0,"14":0,"15":0,"16":0,"17":0,"18":0,"19":0,"20":0,"21":0,"22":0,"23":0,"24":0,"25":0,"26":0,"27":0,"28":0,"29":0,"30":0,"31":0,"32":0,"33":0,"34":0,"35":0},"f":{"0":0,"1":0,"2":0},"b":{"0":[0,0],"1":[0,0],"2":[0,0],"3":[0,0],"4":[0,0],"5":[0,0],"6":[0,0,0],"7":[0,0],"8":[0,0],"9":[0,0,0],"10":[0,0],"11":[0,0,0,0]}}
,"/Development/cion/cion/src/system/components/typography/Chip/Chip.vue": {"path":"/Development/cion/cion/src/system/components/typography/Chip/Chip.vue","statementMap":{"0":{"start":{"line":40,"column":0},"end":{"line":null,"column":-1}},"1":{"start":{"line":51,"column":0},"end":{"line":null,"column":-1}},"2":{"start":{"line":83,"column":0},"end":{"line":null,"column":-1}}},"fnMap":{"0":{"name":"(anonymous_1)","decl":{"start":{"line":39,"column":0},"end":{"line":null,"column":-1}},"loc":{"start":{"line":39,"column":0},"end":{"line":41,"column":0}}},"1":{"name":"(anonymous_2)","decl":{"start":{"line":50,"column":0},"end":{"line":null,"column":-1}},"loc":{"start":{"line":50,"column":0},"end":{"line":52,"column":0}}}},"branchMap":{},"s":{"0":10,"1":10,"2":0},"f":{"0":10,"1":10},"b":{}}
,"/Development/cion/cion/src/system/components/typography/Heading/Heading.vue": {"path":"/Development/cion/cion/src/system/components/typography/Heading/Heading.vue","statementMap":{"0":{"start":{"line":33,"column":0},"end":{"line":null,"column":-1}},"1":{"start":{"line":44,"column":0},"end":{"line":null,"column":-1}}},"fnMap":{"0":{"name":"(anonymous_1)","decl":{"start":{"line":32,"column":0},"end":{"line":null,"column":-1}},"loc":{"start":{"line":32,"column":0},"end":{"line":34,"column":0}}},"1":{"name":"(anonymous_2)","decl":{"start":{"line":43,"column":0},"end":{"line":null,"column":-1}},"loc":{"start":{"line":43,"column":0},"end":{"line":45,"column":0}}}},"branchMap":{},"s":{"0":3,"1":0},"f":{"0":3,"1":0},"b":{}}
,"/Development/cion/cion/src/system/components/typography/Icon/Icon.vue": {"path":"/Development/cion/cion/src/system/components/typography/Icon/Icon.vue","statementMap":{"0":{"start":{"line":15,"column":0},"end":{"line":null,"column":-1}},"1":{"start":{"line":47,"column":0},"end":{"line":null,"column":-1}},"2":{"start":{"line":48,"column":0},"end":{"line":50,"column":0}},"3":{"start":{"line":49,"column":0},"end":{"line":null,"column":-1}},"4":{"start":{"line":51,"column":0},"end":{"line":null,"column":-1}}},"fnMap":{},"branchMap":{"0":{"loc":{"start":{"line":48,"column":0},"end":{"line":50,"column":0}},"type":"if","locations":[{"start":{"line":48,"column":0},"end":{"line":50,"column":0}},{"start":{"line":48,"column":0},"end":{"line":50,"column":0}}]},"1":{"loc":{"start":{"line":51,"column":0},"end":{"line":null,"column":-1}},"type":"cond-expr","locations":[{"start":{"line":51,"column":0},"end":{"line":null,"column":-1}},{"start":{"line":51,"column":0},"end":{"line":null,"column":-1}}]}},"s":{"0":2,"1":1,"2":1,"3":1,"4":0},"f":{},"b":{"0":[1,0],"1":[0,0]}}
,"/Development/cion/cion/src/system/components/typography/Logo/Logo.vue": {"path":"/Development/cion/cion/src/system/components/typography/Logo/Logo.vue","statementMap":{"0":{"start":{"line":13,"column":0},"end":{"line":null,"column":-1}}},"fnMap":{},"branchMap":{},"s":{"0":1},"f":{},"b":{}}
,"/Development/cion/cion/src/system/components/typography/Tag/Tag.vue": {"path":"/Development/cion/cion/src/system/components/typography/Tag/Tag.vue","statementMap":{"0":{"start":{"line":32,"column":0},"end":{"line":null,"column":-1}},"1":{"start":{"line":43,"column":0},"end":{"line":null,"column":-1}}},"fnMap":{"0":{"name":"(anonymous_1)","decl":{"start":{"line":31,"column":0},"end":{"line":null,"column":-1}},"loc":{"start":{"line":31,"column":0},"end":{"line":33,"column":0}}},"1":{"name":"(anonymous_2)","decl":{"start":{"line":42,"column":0},"end":{"line":null,"column":-1}},"loc":{"start":{"line":42,"column":0},"end":{"line":44,"column":0}}}},"branchMap":{},"s":{"0":1,"1":1},"f":{"0":1,"1":1},"b":{}}
,"/Development/cion/cion/src/system/components/typography/Text/Text.vue": {"path":"/Development/cion/cion/src/system/components/typography/Text/Text.vue","statementMap":{"0":{"start":{"line":26,"column":0},"end":{"line":null,"column":-1}},"1":{"start":{"line":44,"column":0},"end":{"line":null,"column":-1}},"2":{"start":{"line":63,"column":0},"end":{"line":null,"column":-1}},"3":{"start":{"line":74,"column":0},"end":{"line":null,"column":-1}},"4":{"start":{"line":84,"column":0},"end":{"line":null,"column":-1}}},"fnMap":{"0":{"name":"(anonymous_1)","decl":{"start":{"line":43,"column":0},"end":{"line":null,"column":-1}},"loc":{"start":{"line":43,"column":0},"end":{"line":47,"column":0}}},"1":{"name":"(anonymous_2)","decl":{"start":{"line":73,"column":0},"end":{"line":null,"column":-1}},"loc":{"start":{"line":73,"column":0},"end":{"line":75,"column":0}}}},"branchMap":{"0":{"loc":{"start":{"line":84,"column":0},"end":{"line":null,"column":-1}},"type":"cond-expr","locations":[{"start":{"line":84,"column":0},"end":{"line":null,"column":-1}},{"start":{"line":84,"column":0},"end":{"line":null,"column":-1}}]}},"s":{"0":1,"1":0,"2":1,"3":0,"4":1},"f":{"0":0,"1":0},"b":{"0":[0,1]}}
,"/Development/cion/cion/src/system/icons/index.js": {"path":"/Development/cion/cion/src/system/icons/index.js","statementMap":{"0":{"start":{"line":2,"column":16},"end":{"line":2,"column":55}},"1":{"start":{"line":4,"column":18},"end":{"line":4,"column":20}},"2":{"start":{"line":5,"column":14},"end":{"line":5,"column":16}},"3":{"start":{"line":7,"column":0},"end":{"line":12,"column":2}},"4":{"start":{"line":8,"column":14},"end":{"line":8,"column":26}},"5":{"start":{"line":9,"column":15},"end":{"line":9,"column":56}},"6":{"start":{"line":10,"column":2},"end":{"line":10,"column":19}},"7":{"start":{"line":11,"column":2},"end":{"line":11,"column":22}}},"fnMap":{"0":{"name":"(anonymous_0)","decl":{"start":{"line":7,"column":23},"end":{"line":7,"column":24}},"loc":{"start":{"line":7,"column":30},"end":{"line":12,"column":1}},"line":7}},"branchMap":{},"s":{"0":2,"1":2,"2":2,"3":2,"4":0,"5":0,"6":0,"7":0},"f":{"0":0},"b":{},"_coverageSchema":"332fd63041d2c1bcb487cc26dd0d5f7d97098a6c","hash":"0b841edf970d2edcc950cde32a43b03648c42559"}
,"/Development/cion/cion/src/system/mixins/index.js": {"path":"/Development/cion/cion/src/system/mixins/index.js","statementMap":{},"fnMap":{},"branchMap":{},"s":{},"f":{},"b":{},"_coverageSchema":"332fd63041d2c1bcb487cc26dd0d5f7d97098a6c","hash":"30db401ea9e08b3bee5baec921d5d2195f6408f1"}
,"/Development/cion/cion/src/system/mixins/media-query.js": {"path":"/Development/cion/cion/src/system/mixins/media-query.js","statementMap":{"0":{"start":{"line":3,"column":19},"end":{"line":6,"column":1}},"1":{"start":{"line":9,"column":2},"end":{"line":12,"column":29}},"2":{"start":{"line":14,"column":2},"end":{"line":17,"column":30}},"3":{"start":{"line":20,"column":11},"end":{"line":20,"column":16}},"4":{"start":{"line":23,"column":2},"end":{"line":25,"column":3}},"5":{"start":{"line":24,"column":4},"end":{"line":24,"column":10}},"6":{"start":{"line":26,"column":2},"end":{"line":30,"column":3}},"7":{"start":{"line":27,"column":4},"end":{"line":27,"column":55}},"8":{"start":{"line":28,"column":4},"end":{"line":28,"column":22}},"9":{"start":{"line":29,"column":4},"end":{"line":29,"column":15}},"10":{"start":{"line":38,"column":4},"end":{"line":40,"column":5}},"11":{"start":{"line":44,"column":6},"end":{"line":44,"column":20}},"12":{"start":{"line":45,"column":6},"end":{"line":47,"column":7}},"13":{"start":{"line":46,"column":8},"end":{"line":46,"column":18}},"14":{"start":{"line":48,"column":19},"end":{"line":48,"column":27}},"15":{"start":{"line":49,"column":6},"end":{"line":57,"column":10}},"16":{"start":{"line":52,"column":24},"end":{"line":52,"column":53}},"17":{"start":{"line":53,"column":10},"end":{"line":56,"column":11}},"18":{"start":{"line":54,"column":12},"end":{"line":54,"column":29}},"19":{"start":{"line":55,"column":12},"end":{"line":55,"column":23}},"20":{"start":{"line":58,"column":6},"end":{"line":58,"column":19}}},"fnMap":{"0":{"name":"updateWindowSize","decl":{"start":{"line":8,"column":9},"end":{"line":8,"column":25}},"loc":{"start":{"line":8,"column":28},"end":{"line":18,"column":1}},"line":8},"1":{"name":"initListener","decl":{"start":{"line":22,"column":9},"end":{"line":22,"column":21}},"loc":{"start":{"line":22,"column":24},"end":{"line":31,"column":1}},"line":22},"2":{"name":"(anonymous_2)","decl":{"start":{"line":51,"column":14},"end":{"line":51,"column":15}},"loc":{"start":{"line":51,"column":21},"end":{"line":57,"column":9}},"line":51}},"branchMap":{"0":{"loc":{"start":{"line":10,"column":4},"end":{"line":12,"column":29}},"type":"binary-expr","locations":[{"start":{"line":10,"column":4},"end":{"line":10,"column":22}},{"start":{"line":11,"column":4},"end":{"line":11,"column":40}},{"start":{"line":12,"column":4},"end":{"line":12,"column":29}}],"line":10},"1":{"loc":{"start":{"line":15,"column":4},"end":{"line":17,"column":30}},"type":"binary-expr","locations":[{"start":{"line":15,"column":4},"end":{"line":15,"column":23}},{"start":{"line":16,"column":4},"end":{"line":16,"column":41}},{"start":{"line":17,"column":4},"end":{"line":17,"column":30}}],"line":15},"2":{"loc":{"start":{"line":23,"column":2},"end":{"line":25,"column":3}},"type":"if","locations":[{"start":{"line":23,"column":2},"end":{"line":25,"column":3}},{"start":{"line":23,"column":2},"end":{"line":25,"column":3}}],"line":23},"3":{"loc":{"start":{"line":26,"column":2},"end":{"line":30,"column":3}},"type":"if","locations":[{"start":{"line":26,"column":2},"end":{"line":30,"column":3}},{"start":{"line":26,"column":2},"end":{"line":30,"column":3}}],"line":26},"4":{"loc":{"start":{"line":26,"column":6},"end":{"line":26,"column":45}},"type":"binary-expr","locations":[{"start":{"line":26,"column":6},"end":{"line":26,"column":12}},{"start":{"line":26,"column":16},"end":{"line":26,"column":45}}],"line":26},"5":{"loc":{"start":{"line":45,"column":6},"end":{"line":47,"column":7}},"type":"if","locations":[{"start":{"line":45,"column":6},"end":{"line":47,"column":7}},{"start":{"line":45,"column":6},"end":{"line":47,"column":7}}],"line":45},"6":{"loc":{"start":{"line":45,"column":10},"end":{"line":45,"column":49}},"type":"binary-expr","locations":[{"start":{"line":45,"column":10},"end":{"line":45,"column":22}},{"start":{"line":45,"column":26},"end":{"line":45,"column":49}}],"line":45},"7":{"loc":{"start":{"line":53,"column":10},"end":{"line":56,"column":11}},"type":"if","locations":[{"start":{"line":53,"column":10},"end":{"line":56,"column":11}},{"start":{"line":53,"column":10},"end":{"line":56,"column":11}}],"line":53},"8":{"loc":{"start":{"line":53,"column":14},"end":{"line":53,"column":66}},"type":"binary-expr","locations":[{"start":{"line":53,"column":14},"end":{"line":53,"column":54}},{"start":{"line":53,"column":58},"end":{"line":53,"column":66}}],"line":53}},"s":{"0":2,"1":2,"2":2,"3":2,"4":4,"5":2,"6":2,"7":2,"8":2,"9":2,"10":2,"11":4,"12":4,"13":4,"14":0,"15":0,"16":0,"17":0,"18":0,"19":0,"20":0},"f":{"0":2,"1":4,"2":0},"b":{"0":[2,2,2],"1":[2,2,2],"2":[2,2],"3":[2,0],"4":[2,2],"5":[4,0],"6":[4,1],"7":[0,0],"8":[0,0]},"_coverageSchema":"332fd63041d2c1bcb487cc26dd0d5f7d97098a6c","hash":"3b9e903a3547d88a8c56d35368015ee475562daa"}
,"/Development/cion/cion/src/system/plugins/filters.js": {"path":"/Development/cion/cion/src/system/plugins/filters.js","statementMap":{"0":{"start":{"line":1,"column":0},"end":{"line":null,"column":-1}},"1":{"start":{"line":2,"column":0},"end":{"line":null,"column":-1}},"2":{"start":{"line":3,"column":0},"end":{"line":null,"column":-1}},"3":{"start":{"line":7,"column":4},"end":{"line":null,"column":-1}},"4":{"start":{"line":8,"column":4},"end":{"line":null,"column":-1}},"5":{"start":{"line":9,"column":4},"end":{"line":null,"column":-1}}},"fnMap":{},"branchMap":{},"s":{"0":0,"1":0,"2":0,"3":0,"4":0,"5":0},"f":{},"b":{}}
,"/Development/cion/cion/src/system/plugins/index.js": {"path":"/Development/cion/cion/src/system/plugins/index.js","statementMap":{"0":{"start":{"line":1,"column":0},"end":{"line":null,"column":-1}},"1":{"start":{"line":2,"column":0},"end":{"line":null,"column":-1}},"2":{"start":{"line":3,"column":0},"end":{"line":null,"column":-1}},"3":{"start":{"line":7,"column":4},"end":{"line":null,"column":-1}},"4":{"start":{"line":8,"column":4},"end":{"line":null,"column":-1}},"5":{"start":{"line":9,"column":4},"end":{"line":null,"column":-1}}},"fnMap":{},"branchMap":{},"s":{"0":0,"1":0,"2":0,"3":0,"4":0,"5":0},"f":{},"b":{}}
,"/Development/cion/cion/src/system/plugins/themer.js": {"path":"/Development/cion/cion/src/system/plugins/themer.js","statementMap":{"0":{"start":{"line":1,"column":0},"end":{"line":null,"column":-1}},"1":{"start":{"line":3,"column":17},"end":{"line":3,"column":0}},"2":{"start":{"line":7,"column":4},"end":{"line":null,"column":-1}},"3":{"start":{"line":8,"column":6},"end":{"line":12,"column":7}},"4":{"start":{"line":10,"column":8},"end":{"line":null,"column":-1}},"5":{"start":{"line":11,"column":8},"end":{"line":null,"column":-1}},"6":{"start":{"line":13,"column":20},"end":{"line":13,"column":6}},"7":{"start":{"line":14,"column":6},"end":{"line":null,"column":-1}},"8":{"start":{"line":19,"column":18},"end":{"line":19,"column":0}},"9":{"start":{"line":20,"column":2},"end":{"line":23,"column":3}},"10":{"start":{"line":21,"column":4},"end":{"line":null,"column":-1}},"11":{"start":{"line":22,"column":4},"end":{"line":null,"column":-1}},"12":{"start":{"line":24,"column":20},"end":{"line":24,"column":2}},"13":{"start":{"line":25,"column":4},"end":{"line":null,"column":-1}},"14":{"start":{"line":27,"column":2},"end":{"line":null,"column":-1}},"15":{"start":{"line":33,"column":0},"end":{"line":35,"column":1}},"16":{"start":{"line":34,"column":2},"end":{"line":null,"column":-1}}},"fnMap":{"0":{"name":"(anonymous_0)","decl":{"start":{"line":7,"column":32},"end":{"line":7,"column":30}},"loc":{"start":{"line":7,"column":41},"end":{"line":7,"column":4}}},"1":{"name":"(anonymous_1)","decl":{"start":{"line":19,"column":18},"end":{"line":19,"column":16}},"loc":{"start":{"line":19,"column":28},"end":{"line":19,"column":0}}},"2":{"name":"(anonymous_2)","decl":{"start":{"line":24,"column":43},"end":{"line":24,"column":45}},"loc":{"start":{"line":24,"column":50},"end":{"line":24,"column":20}}}},"branchMap":{"0":{"loc":{"start":{"line":8,"column":6},"end":{"line":12,"column":7}},"type":"if","locations":[{"start":{"line":8,"column":6},"end":{"line":12,"column":7}},{"start":{"line":8,"column":6},"end":{"line":12,"column":7}}]},"1":{"loc":{"start":{"line":20,"column":2},"end":{"line":23,"column":3}},"type":"if","locations":[{"start":{"line":20,"column":2},"end":{"line":23,"column":3}},{"start":{"line":20,"column":2},"end":{"line":23,"column":3}}]},"2":{"loc":{"start":{"line":33,"column":0},"end":{"line":35,"column":1}},"type":"if","locations":[{"start":{"line":33,"column":0},"end":{"line":35,"column":1}},{"start":{"line":33,"column":0},"end":{"line":35,"column":1}}]}},"s":{"0":0,"1":0,"2":0,"3":0,"4":0,"5":0,"6":0,"7":0,"8":0,"9":0,"10":0,"11":0,"12":0,"13":0,"14":0,"15":0,"16":0},"f":{"0":0,"1":0,"2":0},"b":{"0":[0,0],"1":[0,0],"2":[0,0]}}
,"/Development/cion/cion/src/system/plugins/utils.js": {"path":"/Development/cion/cion/src/system/plugins/utils.js","statementMap":{"0":{"start":{"line":1,"column":0},"end":{"line":null,"column":-1}},"1":{"start":{"line":5,"column":4},"end":{"line":null,"column":-1}},"2":{"start":{"line":8,"column":10},"end":{"line":null,"column":-1}}},"fnMap":{},"branchMap":{},"s":{"0":0,"1":0,"2":0},"f":{},"b":{}}
,"/Development/cion/cion/src/system/tokens/index.js": {"path":"/Development/cion/cion/src/system/tokens/index.js","statementMap":{"0":{"start":{"line":4,"column":21},"end":{"line":4,"column":73}},"1":{"start":{"line":5,"column":15},"end":{"line":5,"column":17}},"2":{"start":{"line":6,"column":17},"end":{"line":6,"column":19}},"3":{"start":{"line":7,"column":0},"end":{"line":12,"column":2}},"4":{"start":{"line":8,"column":16},"end":{"line":8,"column":41}},"5":{"start":{"line":9,"column":15},"end":{"line":9,"column":60}},"6":{"start":{"line":10,"column":2},"end":{"line":10,"column":19}},"7":{"start":{"line":11,"column":2},"end":{"line":11,"column":24}},"8":{"start":{"line":14,"column":29},"end":{"line":30,"column":1}},"9":{"start":{"line":16,"column":18},"end":{"line":16,"column":32}},"10":{"start":{"line":17,"column":17},"end":{"line":17,"column":31}},"11":{"start":{"line":18,"column":21},"end":{"line":18,"column":46}},"12":{"start":{"line":19,"column":4},"end":{"line":21,"column":5}},"13":{"start":{"line":20,"column":6},"end":{"line":20,"column":29}},"14":{"start":{"line":23,"column":4},"end":{"line":23,"column":45}},"15":{"start":{"line":25,"column":4},"end":{"line":25,"column":30}},"16":{"start":{"line":26,"column":4},"end":{"line":26,"column":36}},"17":{"start":{"line":27,"column":4},"end":{"line":27,"column":31}}},"fnMap":{"0":{"name":"(anonymous_0)","decl":{"start":{"line":7,"column":28},"end":{"line":7,"column":29}},"loc":{"start":{"line":7,"column":35},"end":{"line":12,"column":1}},"line":7},"1":{"name":"(anonymous_1)","decl":{"start":{"line":15,"column":2},"end":{"line":15,"column":3}},"loc":{"start":{"line":15,"column":33},"end":{"line":28,"column":3}},"line":15}},"branchMap":{"0":{"loc":{"start":{"line":19,"column":4},"end":{"line":21,"column":5}},"type":"if","locations":[{"start":{"line":19,"column":4},"end":{"line":21,"column":5}},{"start":{"line":19,"column":4},"end":{"line":21,"column":5}}],"line":19}},"s":{"0":2,"1":2,"2":2,"3":2,"4":0,"5":0,"6":0,"7":0,"8":2,"9":354,"10":354,"11":354,"12":354,"13":44,"14":354,"15":354,"16":354,"17":354},"f":{"0":0,"1":354},"b":{"0":[44,310]},"_coverageSchema":"332fd63041d2c1bcb487cc26dd0d5f7d97098a6c","hash":"9426b73390739cccaeb3475c1e4814b761d1ea9b"}
,"/Development/cion/cion/src/system/utils/index.js": {"path":"/Development/cion/cion/src/system/utils/index.js","statementMap":{"0":{"start":{"line":4,"column":17},"end":{"line":7,"column":1}},"1":{"start":{"line":5,"column":20},"end":{"line":5,"column":36}},"2":{"start":{"line":6,"column":2},"end":{"line":6,"column":80}}},"fnMap":{"0":{"name":"(anonymous_0)","decl":{"start":{"line":4,"column":17},"end":{"line":4,"column":18}},"loc":{"start":{"line":4,"column":26},"end":{"line":7,"column":1}},"line":4}},"branchMap":{"0":{"loc":{"start":{"line":6,"column":9},"end":{"line":6,"column":80}},"type":"cond-expr","locations":[{"start":{"line":6,"column":41},"end":{"line":6,"column":76}},{"start":{"line":6,"column":79},"end":{"line":6,"column":80}}],"line":6}},"s":{"0":2,"1":1,"2":1},"f":{"0":1},"b":{"0":[1,0]},"_coverageSchema":"332fd63041d2c1bcb487cc26dd0d5f7d97098a6c","hash":"dabfd846e32f8e73a0ca6a3467fcbd5b0478f8bf"}
}
