TN:
SF:/Development/cion/cion/src/system/index.js
FNF:0
FNH:0
DA:1,0
DA:2,0
DA:3,0
DA:7,0
DA:8,0
LF:5
LH:0
BRF:0
BRH:0
end_of_record
TN:
SF:/Development/cion/cion/src/system/components/index.js
FN:2,(anonymous_0)
FN:4,(anonymous_4)
FN:13,(anonymous_8)
FN:43,(anonymous_9)
FN:58,(anonymous_10)
FNF:5
FNH:0
FNDA:0,(anonymous_0)
FNDA:0,(anonymous_4)
FNDA:0,(anonymous_8)
FNDA:0,(anonymous_9)
FNDA:0,(anonymous_10)
DA:2,0
DA:4,0
DA:10,0
DA:11,0
DA:12,0
DA:14,0
DA:15,0
DA:16,0
DA:18,0
DA:19,0
DA:23,0
DA:25,0
DA:26,0
DA:27,0
DA:35,0
DA:36,0
DA:39,0
DA:43,0
DA:44,0
DA:45,0
DA:46,0
DA:48,0
DA:49,0
DA:51,0
DA:58,0
LF:25
LH:0
BRDA:18,0,0,0
BRDA:18,0,1,0
BRDA:23,1,0,0
BRDA:23,1,1,0
BRDA:25,2,0,0
BRDA:25,2,1,0
BRDA:26,3,0,0
BRDA:26,3,1,0
BRDA:45,4,0,0
BRDA:45,4,1,0
BRDA:45,5,0,0
BRDA:45,5,1,0
BRDA:48,6,0,0
BRDA:48,6,1,0
BRF:14
BRH:0
end_of_record
TN:
SF:/Development/cion/cion/src/system/components/data-display/CopyField/CopyField.vue
FN:49,(anonymous_1)
FN:72,(anonymous_2)
FNF:2
FNH:1
FNDA:3,(anonymous_1)
FNDA:0,(anonymous_2)
DA:30,1
DA:50,3
DA:62,3
DA:68,0
DA:69,0
DA:70,0
DA:71,0
DA:72,0
DA:73,0
LF:9
LH:3
BRF:0
BRH:0
end_of_record
TN:
SF:/Development/cion/cion/src/system/components/data-display/List/List.vue
FN:44,(anonymous_1)
FNF:1
FNH:0
FNDA:0,(anonymous_1)
DA:20,1
DA:45,0
LF:2
LH:1
BRF:0
BRH:0
end_of_record
TN:
SF:/Development/cion/cion/src/system/components/data-display/List/ListItem.vue
FNF:0
FNH:0
DA:35,0
LF:1
LH:0
BRDA:35,0,0,0
BRDA:35,0,1,0
BRF:2
BRH:0
end_of_record
TN:
SF:/Development/cion/cion/src/system/components/data-display/Table/Table.vue
FN:86,(anonymous_1)
FN:102,(anonymous_2)
FN:120,(anonymous_3)
FN:127,(anonymous_4)
FNF:4
FNH:0
FNDA:0,(anonymous_1)
FNDA:0,(anonymous_2)
FNDA:0,(anonymous_3)
FNDA:0,(anonymous_4)
DA:47,1
DA:56,1
DA:67,1
DA:76,1
DA:82,1
DA:83,1
DA:85,0
DA:86,0
DA:88,0
DA:91,1
DA:92,1
DA:93,1
DA:94,0
DA:95,0
DA:96,0
DA:97,0
DA:98,0
DA:102,1
DA:103,0
DA:108,0
DA:109,0
DA:113,0
DA:115,0
DA:119,1
DA:120,1
DA:121,0
DA:122,0
DA:127,0
DA:128,0
DA:138,0
LF:30
LH:12
BRDA:82,0,0,1
BRDA:82,0,1,0
BRDA:85,1,0,0
BRDA:85,1,1,0
BRDA:91,2,0,0
BRDA:91,2,1,1
BRDA:93,3,0,0
BRDA:93,3,1,1
BRDA:94,4,0,0
BRDA:94,4,1,0
BRDA:96,5,0,0
BRDA:96,5,1,0
BRDA:108,6,0,0
BRDA:108,6,1,0
BRDA:109,7,0,0
BRDA:109,7,1,0
BRDA:119,8,0,0
BRDA:119,8,1,1
BRDA:121,9,0,0
BRDA:121,9,1,0
BRDA:122,10,0,0
BRDA:122,10,1,0
BRF:22
BRH:4
end_of_record
TN:
SF:/Development/cion/cion/src/system/components/data-display/Table/TableHeadCol.vue
FNF:0
FNH:0
DA:30,0
LF:1
LH:0
BRF:0
BRH:0
end_of_record
TN:
SF:/Development/cion/cion/src/system/components/data-input/Form/Form.vue
FN:42,(anonymous_1)
FN:63,(anonymous_2)
FN:86,(anonymous_3)
FN:87,(anonymous_4)
FN:89,(anonymous_5)
FN:118,(anonymous_6)
FNF:6
FNH:1
FNDA:1,(anonymous_1)
FNDA:0,(anonymous_2)
FNDA:0,(anonymous_3)
FNDA:0,(anonymous_4)
FNDA:0,(anonymous_5)
FNDA:0,(anonymous_6)
DA:14,1
DA:15,1
DA:16,1
DA:25,1
DA:42,1
DA:46,1
DA:55,0
DA:56,0
DA:63,0
DA:70,0
DA:77,0
DA:81,0
DA:84,0
DA:86,0
DA:87,0
DA:88,0
DA:89,0
DA:90,0
DA:91,0
DA:92,0
DA:95,0
DA:98,0
DA:99,0
DA:100,0
DA:101,0
DA:106,0
DA:107,0
DA:108,0
DA:112,0
DA:113,0
DA:114,0
DA:118,0
DA:119,0
DA:123,0
DA:124,0
DA:127,0
DA:131,1
LF:37
LH:7
BRDA:88,0,0,0
BRDA:88,0,1,0
BRDA:100,1,0,0
BRDA:100,1,1,0
BRDA:100,2,0,0
BRDA:100,2,1,0
BRDA:100,2,2,0
BRDA:106,3,0,0
BRDA:106,3,1,0
BRDA:106,4,0,0
BRDA:106,4,1,0
BRDA:113,5,0,0
BRDA:113,5,1,0
BRF:13
BRH:0
end_of_record
TN:
SF:/Development/cion/cion/src/system/components/data-input/Input/Input.vue
FN:57,(anonymous_1)
FNF:1
FNH:1
FNDA:1,(anonymous_1)
DA:40,1
DA:58,1
DA:99,1
DA:100,0
DA:102,1
LF:5
LH:4
BRDA:99,0,0,0
BRDA:99,0,1,1
BRF:2
BRH:1
end_of_record
TN:
SF:/Development/cion/cion/src/system/components/data-input/Radio/Radio.vue
FN:87,(anonymous_1)
FNF:1
FNH:0
FNDA:0,(anonymous_1)
DA:35,1
DA:36,1
DA:37,1
DA:50,1
DA:68,1
DA:81,1
DA:86,0
DA:87,0
DA:88,0
DA:95,0
DA:98,0
DA:99,0
DA:101,0
DA:103,0
DA:106,0
DA:107,0
DA:109,0
DA:111,0
DA:114,0
LF:19
LH:6
BRDA:86,0,0,0
BRDA:86,0,1,0
BRDA:98,1,0,0
BRDA:98,1,1,0
BRDA:106,2,0,0
BRDA:106,2,1,0
BRF:6
BRH:0
end_of_record
TN:
SF:/Development/cion/cion/src/system/components/data-input/Select/Select.vue
FN:247,(anonymous_1)
FN:249,(anonymous_2)
FN:264,(anonymous_3)
FNF:3
FNH:2
FNDA:15,(anonymous_1)
FNDA:17,(anonymous_2)
FNDA:0,(anonymous_3)
DA:144,1
DA:145,1
DA:146,1
DA:147,1
DA:148,1
DA:149,1
DA:167,27
DA:208,0
DA:242,32
DA:243,27
DA:245,5
DA:247,5
DA:248,15
DA:249,15
DA:250,17
DA:251,0
DA:253,17
DA:258,32
DA:263,5
DA:264,0
DA:265,0
DA:272,4
DA:273,4
DA:274,4
DA:275,0
DA:276,0
DA:278,4
DA:282,6
DA:285,0
DA:286,0
DA:287,0
DA:288,0
DA:292,2
DA:293,2
DA:296,4
DA:299,0
DA:300,0
DA:301,0
DA:304,0
DA:310,0
DA:314,1
DA:315,0
DA:316,0
DA:318,1
DA:321,1
DA:322,0
DA:323,0
DA:325,1
DA:328,1
DA:331,4
DA:332,3
DA:334,1
DA:338,4
DA:339,1
DA:341,3
DA:345,3
LF:56
LH:37
BRDA:242,0,0,27
BRDA:242,0,1,5
BRDA:248,1,0,15
BRDA:248,1,1,15
BRDA:250,2,0,0
BRDA:250,2,1,17
BRDA:263,3,0,0
BRDA:263,3,1,5
BRDA:274,4,0,0
BRDA:274,4,1,4
BRDA:286,5,0,0
BRDA:286,5,1,0
BRDA:286,6,0,0
BRDA:286,6,1,0
BRDA:304,7,0,0
BRDA:304,7,1,0
BRDA:304,8,0,0
BRDA:304,8,1,0
BRDA:304,8,2,0
BRDA:304,8,3,0
BRDA:314,9,0,0
BRDA:314,9,1,1
BRDA:321,10,0,0
BRDA:321,10,1,1
BRDA:331,11,0,3
BRDA:331,11,1,1
BRDA:338,12,0,1
BRDA:338,12,1,3
BRF:28
BRH:13
end_of_record
TN:
SF:/Development/cion/cion/src/system/components/data-input/shared/input.js
FN:67,(anonymous_0)
FN:76,(anonymous_1)
FN:154,(anonymous_2)
FN:155,(anonymous_3)
FNF:4
FNH:2
FNDA:29,(anonymous_0)
FNDA:29,(anonymous_1)
FNDA:0,(anonymous_2)
FNDA:0,(anonymous_3)
DA:14,29
DA:67,29
DA:77,29
DA:86,29
DA:94,0
DA:106,29
DA:113,29
DA:114,0
DA:118,0
DA:119,0
DA:124,0
DA:127,8
DA:128,8
DA:129,0
DA:137,8
DA:138,8
DA:142,0
DA:143,0
DA:146,8
DA:147,8
DA:149,0
DA:152,0
DA:154,0
DA:155,0
DA:156,0
DA:157,0
DA:159,0
DA:162,0
DA:166,0
DA:169,0
LF:30
LH:12
BRDA:95,0,0,0
BRDA:95,0,1,0
BRDA:96,1,0,0
BRDA:96,1,1,0
BRDA:97,2,0,0
BRDA:97,2,1,0
BRDA:98,3,0,0
BRDA:98,3,1,0
BRDA:99,4,0,0
BRDA:99,4,1,0
BRDA:113,5,0,0
BRDA:113,5,1,29
BRDA:118,6,0,0
BRDA:118,6,1,0
BRDA:128,7,0,0
BRDA:128,7,1,8
BRDA:143,8,0,0
BRDA:143,8,1,0
BRDA:146,9,0,8
BRDA:146,9,1,0
BRDA:156,10,0,0
BRDA:156,10,1,0
BRF:22
BRH:3
end_of_record
TN:
SF:/Development/cion/cion/src/system/components/data-input/shared/multiinput.js
FNF:0
FNH:0
DA:16,8
DA:17,2
DA:19,6
DA:23,2
DA:24,0
DA:26,2
DA:27,2
DA:28,1
DA:30,1
DA:33,1
DA:34,1
DA:35,1
DA:38,158
DA:39,104
DA:41,54
DA:42,18
DA:44,36
LF:17
LH:16
BRDA:16,0,0,2
BRDA:16,0,1,6
BRDA:23,1,0,0
BRDA:23,1,1,2
BRDA:27,2,0,1
BRDA:27,2,1,1
BRDA:38,3,0,104
BRDA:38,3,1,54
BRDA:41,4,0,18
BRDA:41,4,1,36
BRF:10
BRH:9
end_of_record
TN:
SF:/Development/cion/cion/src/system/components/layout/Card/Card.vue
FN:76,(anonymous_1)
FNF:1
FNH:1
FNDA:1,(anonymous_1)
DA:77,1
LF:1
LH:1
BRF:0
BRH:0
end_of_record
TN:
SF:/Development/cion/cion/src/system/components/layout/Container/Container.vue
FN:37,(anonymous_1)
FNF:1
FNH:1
FNDA:1,(anonymous_1)
DA:38,1
LF:1
LH:1
BRF:0
BRH:0
end_of_record
TN:
SF:/Development/cion/cion/src/system/components/layout/Flex/Flex.vue
FNF:0
FNH:0
DA:11,1
DA:12,1
DA:22,1
DA:59,1
DA:60,1
DA:61,1
DA:62,1
DA:63,1
DA:71,0
DA:72,0
DA:78,0
LF:11
LH:8
BRDA:61,0,0,0
BRDA:61,0,1,1
BRDA:62,1,0,0
BRDA:62,1,1,1
BRF:4
BRH:2
end_of_record
TN:
SF:/Development/cion/cion/src/system/components/layout/Flex/FlexItem.vue
FNF:0
FNH:0
DA:11,0
DA:12,0
DA:34,0
DA:47,0
DA:50,0
DA:51,0
DA:52,0
DA:53,0
DA:54,0
DA:62,0
DA:63,0
DA:64,0
DA:65,0
DA:67,0
DA:68,0
DA:69,0
DA:71,0
DA:74,0
DA:75,0
DA:76,0
DA:78,0
LF:21
LH:0
BRDA:34,0,0,0
BRDA:34,0,1,0
BRDA:47,1,0,0
BRDA:47,1,1,0
BRDA:63,2,0,0
BRDA:63,2,1,0
BRDA:75,3,0,0
BRDA:75,3,1,0
BRF:8
BRH:0
end_of_record
TN:
SF:/Development/cion/cion/src/system/components/layout/Page/Page.vue
FNF:0
FNH:0
DA:67,1
DA:73,1
DA:78,0
LF:3
LH:2
BRF:0
BRH:0
end_of_record
TN:
SF:/Development/cion/cion/src/system/components/layout/Space/Space.vue
FN:74,(anonymous_1)
FNF:1
FNH:1
FNDA:2,(anonymous_1)
DA:15,1
DA:16,1
DA:62,1
DA:63,1
DA:64,1
DA:65,1
DA:66,1
DA:74,2
DA:75,2
DA:76,2
DA:77,1
DA:79,1
DA:80,1
DA:81,1
DA:83,1
LF:15
LH:15
BRDA:76,0,0,1
BRDA:76,0,1,1
BRDA:80,1,0,1
BRDA:80,1,1,0
BRF:4
BRH:3
end_of_record
TN:
SF:/Development/cion/cion/src/system/components/layout/Spinner/Spinner.vue
FN:28,(anonymous_1)
FNF:1
FNH:1
FNDA:1,(anonymous_1)
DA:29,1
LF:1
LH:1
BRF:0
BRH:0
end_of_record
TN:
SF:/Development/cion/cion/src/system/components/navigation/Button/Button.vue
FN:55,(anonymous_1)
FN:69,(anonymous_2)
FNF:2
FNH:1
FNDA:0,(anonymous_1)
FNDA:4,(anonymous_2)
DA:45,4
DA:56,0
DA:66,4
DA:67,4
DA:70,4
DA:132,1
DA:133,1
DA:134,0
DA:136,1
DA:137,0
DA:139,1
DA:142,1
DA:154,0
LF:13
LH:9
BRDA:66,0,0,0
BRDA:66,0,1,4
BRDA:67,1,0,0
BRDA:67,1,1,4
BRDA:133,2,0,0
BRDA:133,2,1,1
BRDA:133,3,0,1
BRDA:133,3,1,0
BRDA:136,4,0,0
BRDA:136,4,1,1
BRDA:136,5,0,1
BRDA:136,5,1,0
BRDA:142,6,0,1
BRDA:142,6,1,1
BRDA:142,6,2,0
BRF:15
BRH:8
end_of_record
TN:
SF:/Development/cion/cion/src/system/components/navigation/Menu/Menu.vue
FN:70,(anonymous_1)
FN:84,(anonymous_2)
FNF:2
FNH:1
FNDA:1,(anonymous_1)
FNDA:0,(anonymous_2)
DA:33,1
DA:44,1
DA:68,1
DA:71,1
DA:80,0
DA:81,0
DA:83,0
DA:84,0
DA:85,0
DA:94,0
DA:103,0
DA:115,0
LF:12
LH:4
BRDA:68,0,0,0
BRDA:68,0,1,1
BRDA:80,1,0,0
BRDA:80,1,1,0
BRDA:103,2,0,0
BRDA:103,2,1,0
BRF:6
BRH:1
end_of_record
TN:
SF:/Development/cion/cion/src/system/components/navigation/Menu/MenuItem.vue
FN:84,(anonymous_1)
FN:128,(anonymous_2)
FN:138,(anonymous_3)
FNF:3
FNH:0
FNDA:0,(anonymous_1)
FNDA:0,(anonymous_2)
FNDA:0,(anonymous_3)
DA:38,0
DA:61,0
DA:70,0
DA:80,0
DA:85,0
DA:90,0
DA:98,0
DA:101,0
DA:104,0
DA:107,0
DA:110,0
DA:113,0
DA:114,0
DA:115,0
DA:117,0
DA:118,0
DA:120,0
DA:125,0
DA:126,0
DA:128,0
DA:129,0
DA:130,0
DA:135,0
DA:136,0
DA:138,0
DA:139,0
DA:140,0
DA:145,0
DA:146,0
DA:152,0
DA:153,0
DA:154,0
DA:155,0
DA:165,0
DA:166,0
DA:169,0
LF:36
LH:0
BRDA:80,0,0,0
BRDA:80,0,1,0
BRDA:98,1,0,0
BRDA:98,1,1,0
BRDA:114,2,0,0
BRDA:114,2,1,0
BRDA:117,3,0,0
BRDA:117,3,1,0
BRDA:125,4,0,0
BRDA:125,4,1,0
BRDA:129,5,0,0
BRDA:129,5,1,0
BRDA:129,6,0,0
BRDA:129,6,1,0
BRDA:129,6,2,0
BRDA:135,7,0,0
BRDA:135,7,1,0
BRDA:139,8,0,0
BRDA:139,8,1,0
BRDA:139,9,0,0
BRDA:139,9,1,0
BRDA:139,9,2,0
BRDA:146,10,0,0
BRDA:146,10,1,0
BRDA:146,11,0,0
BRDA:146,11,1,0
BRDA:146,11,2,0
BRDA:146,11,3,0
BRF:28
BRH:0
end_of_record
TN:
SF:/Development/cion/cion/src/system/components/typography/Chip/Chip.vue
FN:39,(anonymous_1)
FN:50,(anonymous_2)
FNF:2
FNH:2
FNDA:10,(anonymous_1)
FNDA:10,(anonymous_2)
DA:40,10
DA:51,10
DA:83,0
LF:3
LH:2
BRF:0
BRH:0
end_of_record
TN:
SF:/Development/cion/cion/src/system/components/typography/Heading/Heading.vue
FN:32,(anonymous_1)
FN:43,(anonymous_2)
FNF:2
FNH:1
FNDA:3,(anonymous_1)
FNDA:0,(anonymous_2)
DA:33,3
DA:44,0
LF:2
LH:1
BRF:0
BRH:0
end_of_record
TN:
SF:/Development/cion/cion/src/system/components/typography/Icon/Icon.vue
FNF:0
FNH:0
DA:15,2
DA:47,1
DA:48,1
DA:49,1
DA:51,0
LF:5
LH:4
BRDA:48,0,0,1
BRDA:48,0,1,0
BRDA:51,1,0,0
BRDA:51,1,1,0
BRF:4
BRH:1
end_of_record
TN:
SF:/Development/cion/cion/src/system/components/typography/Logo/Logo.vue
FNF:0
FNH:0
DA:13,1
LF:1
LH:1
BRF:0
BRH:0
end_of_record
TN:
SF:/Development/cion/cion/src/system/components/typography/Tag/Tag.vue
FN:31,(anonymous_1)
FN:42,(anonymous_2)
FNF:2
FNH:2
FNDA:1,(anonymous_1)
FNDA:1,(anonymous_2)
DA:32,1
DA:43,1
LF:2
LH:2
BRF:0
BRH:0
end_of_record
TN:
SF:/Development/cion/cion/src/system/components/typography/Text/Text.vue
FN:43,(anonymous_1)
FN:73,(anonymous_2)
FNF:2
FNH:0
FNDA:0,(anonymous_1)
FNDA:0,(anonymous_2)
DA:26,1
DA:44,0
DA:63,1
DA:74,0
DA:84,1
LF:5
LH:3
BRDA:84,0,0,0
BRDA:84,0,1,1
BRF:2
BRH:1
end_of_record
TN:
SF:/Development/cion/cion/src/system/icons/index.js
FN:7,(anonymous_0)
FNF:1
FNH:0
FNDA:0,(anonymous_0)
DA:2,2
DA:4,2
DA:5,2
DA:7,2
DA:8,0
DA:9,0
DA:10,0
DA:11,0
LF:8
LH:4
BRF:0
BRH:0
end_of_record
TN:
SF:/Development/cion/cion/src/system/mixins/index.js
FNF:0
FNH:0
LF:0
LH:0
BRF:0
BRH:0
end_of_record
TN:
SF:/Development/cion/cion/src/system/mixins/media-query.js
FN:8,updateWindowSize
FN:22,initListener
FN:51,(anonymous_2)
FNF:3
FNH:2
FNDA:2,updateWindowSize
FNDA:4,initListener
FNDA:0,(anonymous_2)
DA:3,2
DA:9,2
DA:14,2
DA:20,2
DA:23,4
DA:24,2
DA:26,2
DA:27,2
DA:28,2
DA:29,2
DA:38,2
DA:44,4
DA:45,4
DA:46,4
DA:48,0
DA:49,0
DA:52,0
DA:53,0
DA:54,0
DA:55,0
DA:58,0
LF:21
LH:14
BRDA:10,0,0,2
BRDA:10,0,1,2
BRDA:10,0,2,2
BRDA:15,1,0,2
BRDA:15,1,1,2
BRDA:15,1,2,2
BRDA:23,2,0,2
BRDA:23,2,1,2
BRDA:26,3,0,2
BRDA:26,3,1,0
BRDA:26,4,0,2
BRDA:26,4,1,2
BRDA:45,5,0,4
BRDA:45,5,1,0
BRDA:45,6,0,4
BRDA:45,6,1,1
BRDA:53,7,0,0
BRDA:53,7,1,0
BRDA:53,8,0,0
BRDA:53,8,1,0
BRF:20
BRH:14
end_of_record
TN:
SF:/Development/cion/cion/src/system/plugins/filters.js
FNF:0
FNH:0
DA:1,0
DA:2,0
DA:3,0
DA:7,0
DA:8,0
DA:9,0
LF:6
LH:0
BRF:0
BRH:0
end_of_record
TN:
SF:/Development/cion/cion/src/system/plugins/index.js
FNF:0
FNH:0
DA:1,0
DA:2,0
DA:3,0
DA:7,0
DA:8,0
DA:9,0
LF:6
LH:0
BRF:0
BRH:0
end_of_record
TN:
SF:/Development/cion/cion/src/system/plugins/themer.js
FN:7,(anonymous_0)
FN:19,(anonymous_1)
FN:24,(anonymous_2)
FNF:3
FNH:0
FNDA:0,(anonymous_0)
FNDA:0,(anonymous_1)
FNDA:0,(anonymous_2)
DA:1,0
DA:3,0
DA:7,0
DA:8,0
DA:10,0
DA:11,0
DA:13,0
DA:14,0
DA:19,0
DA:20,0
DA:21,0
DA:22,0
DA:24,0
DA:25,0
DA:27,0
DA:33,0
DA:34,0
LF:17
LH:0
BRDA:8,0,0,0
BRDA:8,0,1,0
BRDA:20,1,0,0
BRDA:20,1,1,0
BRDA:33,2,0,0
BRDA:33,2,1,0
BRF:6
BRH:0
end_of_record
TN:
SF:/Development/cion/cion/src/system/plugins/utils.js
FNF:0
FNH:0
DA:1,0
DA:5,0
DA:8,0
LF:3
LH:0
BRF:0
BRH:0
end_of_record
TN:
SF:/Development/cion/cion/src/system/tokens/index.js
FN:7,(anonymous_0)
FN:15,(anonymous_1)
FNF:2
FNH:1
FNDA:0,(anonymous_0)
FNDA:354,(anonymous_1)
DA:4,2
DA:5,2
DA:6,2
DA:7,2
DA:8,0
DA:9,0
DA:10,0
DA:11,0
DA:14,2
DA:16,354
DA:17,354
DA:18,354
DA:19,354
DA:20,44
DA:23,354
DA:25,354
DA:26,354
DA:27,354
LF:18
LH:14
BRDA:19,0,0,44
BRDA:19,0,1,310
BRF:2
BRH:2
end_of_record
TN:
SF:/Development/cion/cion/src/system/utils/index.js
FN:4,(anonymous_0)
FNF:1
FNH:1
FNDA:1,(anonymous_0)
DA:4,2
DA:5,1
DA:6,1
LF:3
LH:3
BRDA:6,0,0,1
BRDA:6,0,1,0
BRF:2
BRH:1
end_of_record
